==============Board State==============

 - - - -  - - - -  - - - -  - - - -
 - - - -  - - - -  - - - -  - - - -
 - - - -  - - - -  - - - -  - - - -
 - - - -  - - - -  - - - -  - - - -

 - - - -  - - - -  - - - -  - - - -
 - - - -  - - - -  - - - -  - - - -
 - - - -  - - - -  - - - -  - - - -
 - - - -  - - - -  - - - -  - - - -

 - - - -  - - - -  - - - -  - - - -
 - - - -  - - - -  - - - -  - - - -
 - - - -  - - - -  - - - -  - - - -
 - - - -  - - - -  - - - -  - - - -

 - - - -  - - - -  - - - -  - - - -
 - - - -  - - - -  - - - -  - - - -
 - - - -  - - - -  - - - -  - - - -
 - - - -  - - - -  - - - -  - - - -

==============Block State==============
- - - -
- - - -
- - - -
- - - -
=======================================


-1 -1
!!! time = 0.987744092941
('CONTINUE', '-')
==============Board State==============

 - - - -  - - - -  - - - -  - - - -
 - - - -  - - - -  - - - -  - - - -
 - - - -  - - - -  - - - -  - - x -
 - - - -  - - - -  - - - -  - - - -

 - - - -  - - - -  - - - -  - - - -
 - - - -  - - - -  - - - -  - - - -
 - - - -  - - - -  - - - -  - - - -
 - - - -  - - - -  - - - -  - - - -

 - - - -  - - - -  - - - -  - - - -
 - - - -  - - - -  - - - -  - - - -
 - - - -  - - - -  - - - -  - - - -
 - - - -  - - - -  - - - -  - - - -

 - - - -  - - - -  - - - -  - - - -
 - - - -  - - - -  - - - -  - - - -
 - - - -  - - - -  - - - -  - - - -
 - - - -  - - - -  - - - -  - - - -

==============Block State==============
- - - -
- - - -
- - - -
- - - -
=======================================


!!! time = 1.4066696167e-05
==============Board State==============

 - - - -  - - - -  - - - -  - - - -
 - - - -  - - - -  - - - -  - - - -
 - - - -  - - - -  - - - -  - - x -
 - - - -  - - - -  - - - -  - - - -

 - - - -  - - - -  - - - -  - - - -
 - - - -  - - - -  - - - -  - - - -
 - - - -  - - - -  - - - -  - - - -
 - - - -  - - - -  - - - -  - - - -

 - - - -  - - - -  - - - -  - - - -
 - - - -  - - - -  - - - -  - - - -
 - - - -  - - - -  - - - -  - - - -
 - - - -  - - - -  - - - o  - - - -

 - - - -  - - - -  - - - -  - - - -
 - - - -  - - - -  - - - -  - - - -
 - - - -  - - - -  - - - -  - - - -
 - - - -  - - - -  - - - -  - - - -

==============Block State==============
- - - -
- - - -
- - - -
- - - -
=======================================


11 11
!!! time = 2.32516002655
('CONTINUE', '-')
==============Board State==============

 - - - -  - - - -  - - - -  - - - -
 - - - -  - - - -  - - - -  - - - -
 - - - -  - - - -  - - - -  - - x -
 - - - -  - - - -  - - - -  - - - -

 - - - -  - - - -  - - - -  - - - -
 - - - -  - - - -  - - - -  - - - -
 - - - -  - - - -  - - - -  - - - -
 - - - -  - - - -  - - - -  - - - -

 - - - -  - - - -  - - - -  - - - -
 - - - -  - - - -  - - - -  - - - -
 - - - -  - - - -  - - - -  - - - -
 - - - -  - - - -  - - - o  - - - -

 - - - -  - - - -  - - - -  - - - x
 - - - -  - - - -  - - - -  - - - -
 - - - -  - - - -  - - - -  - - - -
 - - - -  - - - -  - - - -  - - - -

==============Block State==============
- - - -
- - - -
- - - -
- - - -
=======================================


!!! time = 1.4066696167e-05
==============Board State==============

 - - - -  - - - -  - - - -  - - - -
 - - - -  - - - -  - - - -  - - - -
 - - - -  - - - -  - - - -  - - x -
 - - - -  - - - -  - - - -  - - o -

 - - - -  - - - -  - - - -  - - - -
 - - - -  - - - -  - - - -  - - - -
 - - - -  - - - -  - - - -  - - - -
 - - - -  - - - -  - - - -  - - - -

 - - - -  - - - -  - - - -  - - - -
 - - - -  - - - -  - - - -  - - - -
 - - - -  - - - -  - - - -  - - - -
 - - - -  - - - -  - - - o  - - - -

 - - - -  - - - -  - - - -  - - - x
 - - - -  - - - -  - - - -  - - - -
 - - - -  - - - -  - - - -  - - - -
 - - - -  - - - -  - - - -  - - - -

==============Block State==============
- - - -
- - - -
- - - -
- - - -
=======================================


3 14
!!! time = 2.12956500053
('CONTINUE', '-')
==============Board State==============

 - - - -  - - - -  - - - -  - - - -
 - - - -  - - - -  - - - -  - - - -
 - - - -  - - - -  - - - -  - - x -
 - - - -  - - - -  - - - -  - - o -

 - - - -  - - - -  - - - -  - - - -
 - - - -  - - - -  - - - -  - - - -
 - - - -  - - - -  - - - -  - - - -
 - - - -  - - - -  - - - -  - - - -

 - - - -  - - - -  - - - -  - - - -
 - - - -  - - - -  - - - -  - - - -
 - - - -  - - - -  - - - -  - - - -
 - - - -  - - - -  - - - o  - - - -

 - - - -  - - - -  - - - -  - - - x
 - - - -  - - - -  - - - -  - - - -
 - - - -  - - - -  - x - -  - - - -
 - - - -  - - - -  - - - -  - - - -

==============Block State==============
- - - -
- - - -
- - - -
- - - -
=======================================


!!! time = 1.50203704834e-05
==============Board State==============

 - - - -  - - - -  - - - -  - - - -
 - - - -  - - - -  - - - -  - - - -
 - - - -  - - - -  - - - -  - - x -
 - - - -  - - - -  - - - -  - - o -

 - - - -  - - - -  - - - -  - - - -
 - - - -  - - - -  - - - -  - - - -
 - - - -  - - - -  - - - -  - - - -
 - - - -  - - - -  - - - -  - - - -

 - - - -  - - - -  - - - -  - - - -
 - - - -  - o - -  - - - -  - - - -
 - - - -  - - - -  - - - -  - - - -
 - - - -  - - - -  - - - o  - - - -

 - - - -  - - - -  - - - -  - - - x
 - - - -  - - - -  - - - -  - - - -
 - - - -  - - - -  - x - -  - - - -
 - - - -  - - - -  - - - -  - - - -

==============Block State==============
- - - -
- - - -
- - - -
- - - -
=======================================


9 5
!!! time = 2.0189640522
('CONTINUE', '-')
==============Board State==============

 - - - -  - - - -  - - - -  - - - -
 - - - -  - - - -  - - - -  - - - -
 - - - -  - - - -  - - - -  - - x -
 - - - -  - - - -  - - - -  - - o -

 - - - -  - - - -  - - - -  - - - -
 - - - -  - - x -  - - - -  - - - -
 - - - -  - - - -  - - - -  - - - -
 - - - -  - - - -  - - - -  - - - -

 - - - -  - - - -  - - - -  - - - -
 - - - -  - o - -  - - - -  - - - -
 - - - -  - - - -  - - - -  - - - -
 - - - -  - - - -  - - - o  - - - -

 - - - -  - - - -  - - - -  - - - x
 - - - -  - - - -  - - - -  - - - -
 - - - -  - - - -  - x - -  - - - -
 - - - -  - - - -  - - - -  - - - -

==============Block State==============
- - - -
- - - -
- - - -
- - - -
=======================================


!!! time = 1.19209289551e-05
==============Board State==============

 - - - -  - - - -  - - - -  - - - -
 - - - -  - - - -  - - - -  - - - -
 - - - -  - - - -  - - - -  - - x -
 - - - -  - - - -  - - - -  - - o -

 - - - -  - - - -  - - o -  - - - -
 - - - -  - - x -  - - - -  - - - -
 - - - -  - - - -  - - - -  - - - -
 - - - -  - - - -  - - - -  - - - -

 - - - -  - - - -  - - - -  - - - -
 - - - -  - o - -  - - - -  - - - -
 - - - -  - - - -  - - - -  - - - -
 - - - -  - - - -  - - - o  - - - -

 - - - -  - - - -  - - - -  - - - x
 - - - -  - - - -  - - - -  - - - -
 - - - -  - - - -  - x - -  - - - -
 - - - -  - - - -  - - - -  - - - -

==============Block State==============
- - - -
- - - -
- - - -
- - - -
=======================================


4 10
!!! time = 1.99749493599
('CONTINUE', '-')
==============Board State==============

 - - - -  - - - -  - - - -  - - - -
 - - - -  - - - -  - - - -  - - - -
 - - - -  - - - -  - - - -  - - x -
 - - - -  - - - -  x - - -  - - o -

 - - - -  - - - -  - - o -  - - - -
 - - - -  - - x -  - - - -  - - - -
 - - - -  - - - -  - - - -  - - - -
 - - - -  - - - -  - - - -  - - - -

 - - - -  - - - -  - - - -  - - - -
 - - - -  - o - -  - - - -  - - - -
 - - - -  - - - -  - - - -  - - - -
 - - - -  - - - -  - - - o  - - - -

 - - - -  - - - -  - - - -  - - - x
 - - - -  - - - -  - - - -  - - - -
 - - - -  - - - -  - x - -  - - - -
 - - - -  - - - -  - - - -  - - - -

==============Block State==============
- - - -
- - - -
- - - -
- - - -
=======================================


!!! time = 1.28746032715e-05
==============Board State==============

 - - - -  - - - -  - - - -  - - - -
 - - - -  - - - -  - - - -  - - - -
 - - - -  - - - -  - - - -  - - x -
 - - - -  - - - -  x - - -  - - o -

 - - - -  - - - -  - - o -  - - - -
 - - - -  - - x -  - - - -  - - - -
 - - - -  - - - -  - - - -  - - - -
 - - - -  - - - -  - - - -  - - - -

 - - - -  - - - -  - - - -  - - - -
 - - - -  - o - -  - - - -  - - - -
 - - - -  - - - -  - - - -  - - - -
 - - - -  - - - -  - - - o  - - - -

 - - - -  - - - -  - - - -  - - - x
 o - - -  - - - -  - - - -  - - - -
 - - - -  - - - -  - x - -  - - - -
 - - - -  - - - -  - - - -  - - - -

==============Block State==============
- - - -
- - - -
- - - -
- - - -
=======================================


13 0
!!! time = 2.56852412224
('CONTINUE', '-')
==============Board State==============

 - - - -  - - - -  - - - -  - - - -
 - - - -  - - - -  - - - -  - - - -
 - - - -  - - - -  - - - -  - - x -
 - - - -  - - - -  x - - -  - - o -

 - - - -  - - - -  - - o -  - - - -
 - x - -  - - x -  - - - -  - - - -
 - - - -  - - - -  - - - -  - - - -
 - - - -  - - - -  - - - -  - - - -

 - - - -  - - - -  - - - -  - - - -
 - - - -  - o - -  - - - -  - - - -
 - - - -  - - - -  - - - -  - - - -
 - - - -  - - - -  - - - o  - - - -

 - - - -  - - - -  - - - -  - - - x
 o - - -  - - - -  - - - -  - - - -
 - - - -  - - - -  - x - -  - - - -
 - - - -  - - - -  - - - -  - - - -

==============Block State==============
- - - -
- - - -
- - - -
- - - -
=======================================


!!! time = 1.19209289551e-05
==============Board State==============

 - - - -  - - - -  - - - -  - - - -
 - - - -  - - - -  - - - -  - - - -
 - - - -  - - - -  - - - -  - - x -
 - - - -  - - - -  x - - -  - - o -

 - - - -  - - o -  - - o -  - - - -
 - x - -  - - x -  - - - -  - - - -
 - - - -  - - - -  - - - -  - - - -
 - - - -  - - - -  - - - -  - - - -

 - - - -  - - - -  - - - -  - - - -
 - - - -  - o - -  - - - -  - - - -
 - - - -  - - - -  - - - -  - - - -
 - - - -  - - - -  - - - o  - - - -

 - - - -  - - - -  - - - -  - - - x
 o - - -  - - - -  - - - -  - - - -
 - - - -  - - - -  - x - -  - - - -
 - - - -  - - - -  - - - -  - - - -

==============Block State==============
- - - -
- - - -
- - - -
- - - -
=======================================


4 6
!!! time = 2.35055923462
('CONTINUE', '-')
==============Board State==============

 - - - -  - - - -  - - - -  - - - -
 - - - -  - - - -  - - - -  - - - -
 - - - -  - - - -  - - - -  - - x -
 - - - -  - - - -  x - - x  - - o -

 - - - -  - - o -  - - o -  - - - -
 - x - -  - - x -  - - - -  - - - -
 - - - -  - - - -  - - - -  - - - -
 - - - -  - - - -  - - - -  - - - -

 - - - -  - - - -  - - - -  - - - -
 - - - -  - o - -  - - - -  - - - -
 - - - -  - - - -  - - - -  - - - -
 - - - -  - - - -  - - - o  - - - -

 - - - -  - - - -  - - - -  - - - x
 o - - -  - - - -  - - - -  - - - -
 - - - -  - - - -  - x - -  - - - -
 - - - -  - - - -  - - - -  - - - -

==============Block State==============
- - - -
- - - -
- - - -
- - - -
=======================================


!!! time = 1.4066696167e-05
==============Board State==============

 - - - -  - - - -  - - - -  - - - -
 - - - -  - - - -  - - - -  - - - -
 - - - -  - - - -  - - - -  - - x -
 - - - -  - - - -  x - - x  - - o -

 - - - -  - - o -  - - o -  - - - -
 - x - -  - - x -  - - - -  - - - -
 - - - -  - - - -  - - - -  - - - -
 - - - -  - - - -  - - - -  - - - -

 - - - -  - - - -  - - - -  - - - -
 - - - -  - o - -  - - - -  - - - -
 - - - -  - - - -  - - - -  - - - -
 - - - -  - - - -  - - - o  - - - -

 - - - -  - - - -  - - - -  o - - x
 o - - -  - - - -  - - - -  - - - -
 - - - -  - - - -  - x - -  - - - -
 - - - -  - - - -  - - - -  - - - -

==============Block State==============
- - - -
- - - -
- - - -
- - - -
=======================================


12 12
!!! time = 6.43342614174
('CONTINUE', '-')
==============Board State==============

 - - - -  - - - -  - - - -  - - - -
 - - - -  - - - -  - - - -  - - - -
 x - - -  - - - -  - - - -  - - x -
 - - - -  - - - -  x - - x  - - o -

 - - - -  - - o -  - - o -  - - - -
 - x - -  - - x -  - - - -  - - - -
 - - - -  - - - -  - - - -  - - - -
 - - - -  - - - -  - - - -  - - - -

 - - - -  - - - -  - - - -  - - - -
 - - - -  - o - -  - - - -  - - - -
 - - - -  - - - -  - - - -  - - - -
 - - - -  - - - -  - - - o  - - - -

 - - - -  - - - -  - - - -  o - - x
 o - - -  - - - -  - - - -  - - - -
 - - - -  - - - -  - x - -  - - - -
 - - - -  - - - -  - - - -  - - - -

==============Block State==============
- - - -
- - - -
- - - -
- - - -
=======================================


!!! time = 1.50203704834e-05
==============Board State==============

 - - - -  - - - -  - - - -  - - - -
 - - - -  - - - -  - - - -  - - - -
 x - - -  - - - -  - - - -  - - x -
 - - - -  - - - -  x - - x  - - o -

 - - - -  - - o -  - - o -  - - - -
 - x - -  - - x -  - - - -  - - - -
 - - - -  - - - -  - - - -  - - - -
 - - - -  - - - -  - - - -  - - - -

 o - - -  - - - -  - - - -  - - - -
 - - - -  - o - -  - - - -  - - - -
 - - - -  - - - -  - - - -  - - - -
 - - - -  - - - -  - - - o  - - - -

 - - - -  - - - -  - - - -  o - - x
 o - - -  - - - -  - - - -  - - - -
 - - - -  - - - -  - x - -  - - - -
 - - - -  - - - -  - - - -  - - - -

==============Block State==============
- - - -
- - - -
- - - -
- - - -
=======================================


8 0
!!! time = 6.97517609596
('CONTINUE', '-')
==============Board State==============

 - - - -  - - - -  - - - -  - - - -
 x - - -  - - - -  - - - -  - - - -
 x - - -  - - - -  - - - -  - - x -
 - - - -  - - - -  x - - x  - - o -

 - - - -  - - o -  - - o -  - - - -
 - x - -  - - x -  - - - -  - - - -
 - - - -  - - - -  - - - -  - - - -
 - - - -  - - - -  - - - -  - - - -

 o - - -  - - - -  - - - -  - - - -
 - - - -  - o - -  - - - -  - - - -
 - - - -  - - - -  - - - -  - - - -
 - - - -  - - - -  - - - o  - - - -

 - - - -  - - - -  - - - -  o - - x
 o - - -  - - - -  - - - -  - - - -
 - - - -  - - - -  - x - -  - - - -
 - - - -  - - - -  - - - -  - - - -

==============Block State==============
- - - -
- - - -
- - - -
- - - -
=======================================


!!! time = 1.28746032715e-05
==============Board State==============

 - - - -  - - - -  - - - -  - - - -
 x - - -  - - - -  - - - -  - - - -
 x - - -  - - - -  - - - -  - - x -
 - - - -  - - - -  x - - x  - - o -

 - - o -  - - o -  - - o -  - - - -
 - x - -  - - x -  - - - -  - - - -
 - - - -  - - - -  - - - -  - - - -
 - - - -  - - - -  - - - -  - - - -

 o - - -  - - - -  - - - -  - - - -
 - - - -  - o - -  - - - -  - - - -
 - - - -  - - - -  - - - -  - - - -
 - - - -  - - - -  - - - o  - - - -

 - - - -  - - - -  - - - -  o - - x
 o - - -  - - - -  - - - -  - - - -
 - - - -  - - - -  - x - -  - - - -
 - - - -  - - - -  - - - -  - - - -

==============Block State==============
- - - -
- - - -
- - - -
- - - -
=======================================


4 2
!!! time = 4.3514509201
('CONTINUE', '-')
==============Board State==============

 - - - -  - - - -  - - - -  - - - -
 x - - -  - - - -  - - - -  - - - -
 x - - -  - - - -  - - - -  - - x -
 - - - -  - - - -  x x - x  - - o -

 - - o -  - - o -  - - o -  - - - -
 - x - -  - - x -  - - - -  - - - -
 - - - -  - - - -  - - - -  - - - -
 - - - -  - - - -  - - - -  - - - -

 o - - -  - - - -  - - - -  - - - -
 - - - -  - o - -  - - - -  - - - -
 - - - -  - - - -  - - - -  - - - -
 - - - -  - - - -  - - - o  - - - -

 - - - -  - - - -  - - - -  o - - x
 o - - -  - - - -  - - - -  - - - -
 - - - -  - - - -  - x - -  - - - -
 - - - -  - - - -  - - - -  - - - -

==============Block State==============
- - - -
- - - -
- - - -
- - - -
=======================================


!!! time = 1.28746032715e-05
==============Board State==============

 - - - -  - - - -  - - - -  - - - -
 x - - -  - - - -  - - - -  - - - -
 x - - -  - - - -  - - - -  - - x -
 - - - -  - - - -  x x - x  - - o -

 - - o -  - - o -  - - o -  - - - -
 - x - -  - - x -  - - - -  - - - -
 - - - -  - - - -  - - - -  - - - -
 - - - -  - - - -  - - - -  - - - -

 o - - -  - - - -  - - - -  - - - -
 - - - -  - o - -  - - - -  - - - -
 - - - -  - - - -  - - - -  - - - -
 - - - -  - - - -  - - - o  - - - -

 - - - -  - - o -  - - - -  o - - x
 o - - -  - - - -  - - - -  - - - -
 - - - -  - - - -  - x - -  - - - -
 - - - -  - - - -  - - - -  - - - -

==============Block State==============
- - - -
- - - -
- - - -
- - - -
=======================================


12 6
!!! time = 3.78804111481
('CONTINUE', '-')
==============Board State==============

 - - - -  - - - -  - - - -  - - - -
 x - - -  - - - -  - - - -  - - - -
 x - - -  - - - -  - - - -  - - x -
 - - - -  - - - -  x x x x  - - o -

 - - o -  - - o -  - - o -  - - - -
 - x - -  - - x -  - - - -  - - - -
 - - - -  - - - -  - - - -  - - - -
 - - - -  - - - -  - - - -  - - - -

 o - - -  - - - -  - - - -  - - - -
 - - - -  - o - -  - - - -  - - - -
 - - - -  - - - -  - - - -  - - - -
 - - - -  - - - -  - - - o  - - - -

 - - - -  - - o -  - - - -  o - - x
 o - - -  - - - -  - - - -  - - - -
 - - - -  - - - -  - x - -  - - - -
 - - - -  - - - -  - - - -  - - - -

==============Block State==============
- - x -
- - - -
- - - -
- - - -
=======================================


!!! time = 1.50203704834e-05
==============Board State==============

 - - - -  - - - -  - - - -  - - - -
 x - - -  - - - -  - - - -  - - - -
 x - - -  - - - -  - - - -  - - x -
 - - - -  - - - -  x x x x  - - o -

 - - o -  - - o -  - - o -  - - - -
 - x - -  - - x -  - - - -  - - - -
 - - - -  - - - -  - - - -  - - - -
 - - - -  - - - -  - - - -  - - - -

 o - - -  - - - -  - - - -  - - - -
 - - - -  - o - -  - - - -  - - - -
 - - - -  - - - -  - - - -  - - - -
 - - - -  - - - -  - - - o  - - - -

 - - - -  - - o -  - - - -  o - - x
 o - - -  - - - -  - - - -  - - - -
 - - - -  - - - -  - x - -  - - - -
 - - - -  - - - -  - - o -  - - - -

==============Block State==============
- - x -
- - - -
- - - -
- - - -
=======================================


15 10
!!! time = 9.28349804878
('CONTINUE', '-')
==============Board State==============

 - - - -  - - - -  - - - -  - - - -
 x - - -  - - - -  - - - -  - - - -
 x - - -  - - - -  - - - -  - - x -
 - - - -  - - - -  x x x x  - - o -

 - - o -  - - o -  - - o -  - - - -
 - x - -  - - x -  - - - -  - - - -
 - - - -  - - - -  - - - -  - - - -
 - - - -  - - - -  - - - -  - - - -

 o - - -  - - - -  - - - -  - - - -
 - - - -  - o - -  - - - -  - - - -
 - - - -  - - - -  - - - -  - - - -
 - - - -  - - - -  - - - o  - - - -

 - - - -  - - o -  - - - -  o - - x
 o - - -  - - - -  - - - -  - - - -
 - - - -  - - - -  - x - x  - - - -
 - - - -  - - - -  - - o -  - - - -

==============Block State==============
- - x -
- - - -
- - - -
- - - -
=======================================


!!! time = 1.28746032715e-05
==============Board State==============

 - - - -  - - - -  - - - -  - - - -
 x - - -  - - - -  - - - -  - - - -
 x - - -  - - - -  - - - -  - - x -
 - - - -  - - - -  x x x x  - - o -

 - - o -  - - o -  - - o -  - - - -
 - x - -  - - x -  - - - -  - - - -
 - - - -  - - - -  - - - -  - - - -
 - - - -  - - - -  - - - -  - - - -

 o - - -  - - - -  - - - -  - - - -
 - - - -  - o - -  - - - -  - - - -
 - - - -  - - - -  - - - -  - - - -
 - - - -  - - - -  - - - o  o - - -

 - - - -  - - o -  - - - -  o - - x
 o - - -  - - - -  - - - -  - - - -
 - - - -  - - - -  - x - x  - - - -
 - - - -  - - - -  - - o -  - - - -

==============Block State==============
- - x -
- - - -
- - - -
- - - -
=======================================


11 12
!!! time = 2.27238798141
('CONTINUE', '-')
==============Board State==============

 - - - -  - - - -  - - - -  - - - -
 x - - -  - - - -  - - - -  - - - -
 x - - -  - - - -  - - - -  - - x -
 - - - -  - - - -  x x x x  - - o -

 - - o -  - - o -  - - o -  - - - -
 - x - -  - - x -  - - - -  - - - -
 - - - -  - - - -  - - - -  - - - -
 - - - -  - - - -  - - - -  - - - -

 o - - -  - - - -  - - - -  - - - -
 - - - -  - o - -  - - - -  - - - -
 - - - -  - - - -  - - - -  - - - -
 - - - -  - - - -  - - - o  o - - -

 - - - -  - - o -  - - - -  o - - x
 o - - x  - - - -  - - - -  - - - -
 - - - -  - - - -  - x - x  - - - -
 - - - -  - - - -  - - o -  - - - -

==============Block State==============
- - x -
- - - -
- - - -
- - - -
=======================================


!!! time = 1.38282775879e-05
==============Board State==============

 - - - -  - - - -  - - - -  - - - -
 x - - -  - - - -  - - - -  - - - -
 x - - -  - - - -  - - - -  - - x -
 - - - -  - - - -  x x x x  - - o -

 - - o -  - - o -  - - o -  - - - -
 - x - -  - - x -  - - - -  - - - -
 - - - -  - - - -  - - - -  - - - -
 - - - -  - - - -  - - - -  o - - -

 o - - -  - - - -  - - - -  - - - -
 - - - -  - o - -  - - - -  - - - -
 - - - -  - - - -  - - - -  - - - -
 - - - -  - - - -  - - - o  o - - -

 - - - -  - - o -  - - - -  o - - x
 o - - x  - - - -  - - - -  - - - -
 - - - -  - - - -  - x - x  - - - -
 - - - -  - - - -  - - o -  - - - -

==============Block State==============
- - x -
- - - -
- - - -
- - - -
=======================================


7 12
!!! time = 6.21391391754
('CONTINUE', '-')
==============Board State==============

 - - - -  - - - -  - - - -  - - - -
 x - - -  - - - -  - - - -  - - - -
 x - - -  - - - -  - - - -  - - x -
 - - - -  - - - -  x x x x  - - o -

 - - o -  - - o -  - - o -  - - - -
 - x - -  - - x -  - - - -  - - - -
 - - - -  - - - -  - - - -  - - - -
 - - - -  - - - -  - - - -  o - - -

 o - - -  - - - -  - - - -  - - - -
 - - - -  - o - -  - - - -  - - - -
 - - - -  - - - -  - - - -  - - - -
 - - - -  - - - -  - - - o  o - - -

 - - - x  - - o -  - - - -  o - - x
 o - - x  - - - -  - - - -  - - - -
 - - - -  - - - -  - x - x  - - - -
 - - - -  - - - -  - - o -  - - - -

==============Block State==============
- - x -
- - - -
- - - -
- - - -
=======================================


!!! time = 1.31130218506e-05
==============Board State==============

 - - - -  - - - -  - - - -  - - - -
 x - - -  - - - -  - - - -  - - - -
 x - - -  - - - -  - - - -  - o x -
 - - - -  - - - -  x x x x  - - o -

 - - o -  - - o -  - - o -  - - - -
 - x - -  - - x -  - - - -  - - - -
 - - - -  - - - -  - - - -  - - - -
 - - - -  - - - -  - - - -  o - - -

 o - - -  - - - -  - - - -  - - - -
 - - - -  - o - -  - - - -  - - - -
 - - - -  - - - -  - - - -  - - - -
 - - - -  - - - -  - - - o  o - - -

 - - - x  - - o -  - - - -  o - - x
 o - - x  - - - -  - - - -  - - - -
 - - - -  - - - -  - x - x  - - - -
 - - - -  - - - -  - - o -  - - - -

==============Block State==============
- - x -
- - - -
- - - -
- - - -
=======================================


2 13
!!! time = 1.16839694977
('CONTINUE', '-')
==============Board State==============

 - - - -  - - - -  - - - -  - - - -
 x - - -  - - - -  - - - -  - - - -
 x - - -  - - - -  - - - -  - o x -
 - - - -  - - - -  x x x x  - - o -

 - - o -  - - o -  - - o -  - - - -
 - x - -  - - x -  - - - -  - - - -
 - - - -  - - - -  - - - -  - - - -
 - - - -  - - - -  - - - -  o - - -

 o - - -  x - - -  - - - -  - - - -
 - - - -  - o - -  - - - -  - - - -
 - - - -  - - - -  - - - -  - - - -
 - - - -  - - - -  - - - o  o - - -

 - - - x  - - o -  - - - -  o - - x
 o - - x  - - - -  - - - -  - - - -
 - - - -  - - - -  - x - x  - - - -
 - - - -  - - - -  - - o -  - - - -

==============Block State==============
- - x -
- - - -
- - - -
- - - -
=======================================


!!! time = 1.4066696167e-05
==============Board State==============

 - o - -  - - - -  - - - -  - - - -
 x - - -  - - - -  - - - -  - - - -
 x - - -  - - - -  - - - -  - o x -
 - - - -  - - - -  x x x x  - - o -

 - - o -  - - o -  - - o -  - - - -
 - x - -  - - x -  - - - -  - - - -
 - - - -  - - - -  - - - -  - - - -
 - - - -  - - - -  - - - -  o - - -

 o - - -  x - - -  - - - -  - - - -
 - - - -  - o - -  - - - -  - - - -
 - - - -  - - - -  - - - -  - - - -
 - - - -  - - - -  - - - o  o - - -

 - - - x  - - o -  - - - -  o - - x
 o - - x  - - - -  - - - -  - - - -
 - - - -  - - - -  - x - x  - - - -
 - - - -  - - - -  - - o -  - - - -

==============Block State==============
- - x -
- - - -
- - - -
- - - -
=======================================


0 1
!!! time = 1.28568911552
('CONTINUE', '-')
==============Board State==============

 - o - -  - - - -  - - - -  - - - -
 x - - -  - x - -  - - - -  - - - -
 x - - -  - - - -  - - - -  - o x -
 - - - -  - - - -  x x x x  - - o -

 - - o -  - - o -  - - o -  - - - -
 - x - -  - - x -  - - - -  - - - -
 - - - -  - - - -  - - - -  - - - -
 - - - -  - - - -  - - - -  o - - -

 o - - -  x - - -  - - - -  - - - -
 - - - -  - o - -  - - - -  - - - -
 - - - -  - - - -  - - - -  - - - -
 - - - -  - - - -  - - - o  o - - -

 - - - x  - - o -  - - - -  o - - x
 o - - x  - - - -  - - - -  - - - -
 - - - -  - - - -  - x - x  - - - -
 - - - -  - - - -  - - o -  - - - -

==============Block State==============
- - x -
- - - -
- - - -
- - - -
=======================================


!!! time = 1.59740447998e-05
==============Board State==============

 - o - -  - - - -  - - - -  - - - -
 x - - -  - x - -  - - - -  - - - -
 x - - -  - - - -  - - - -  - o x -
 - - - -  - - - -  x x x x  - - o -

 - - o -  - - o -  - - o -  - - - -
 - x - -  - - x -  - - - -  - - - -
 - - - -  - - o -  - - - -  - - - -
 - - - -  - - - -  - - - -  o - - -

 o - - -  x - - -  - - - -  - - - -
 - - - -  - o - -  - - - -  - - - -
 - - - -  - - - -  - - - -  - - - -
 - - - -  - - - -  - - - o  o - - -

 - - - x  - - o -  - - - -  o - - x
 o - - x  - - - -  - - - -  - - - -
 - - - -  - - - -  - x - x  - - - -
 - - - -  - - - -  - - o -  - - - -

==============Block State==============
- - x -
- - - -
- - - -
- - - -
=======================================


6 6
!!! time = 1.15057492256
('CONTINUE', '-')
==============Board State==============

 - o - -  - - - -  - - - -  - - - -
 x - - -  - x - -  - - - -  - - - -
 x - - -  - - - -  - - - -  - o x -
 - - - -  - - - -  x x x x  - - o -

 - - o -  - - o -  - - o -  - - - -
 - x - -  - - x -  - - - -  - - - -
 - - - -  - - o -  - - - -  - - - -
 - - - -  - - - -  - - - -  o - - -

 o - - -  x - - -  - - - -  - - - -
 - - - -  - o - -  - - - -  - - - -
 - - - -  - - - -  - - x -  - - - -
 - - - -  - - - -  - - - o  o - - -

 - - - x  - - o -  - - - -  o - - x
 o - - x  - - - -  - - - -  - - - -
 - - - -  - - - -  - x - x  - - - -
 - - - -  - - - -  - - o -  - - - -

==============Block State==============
- - x -
- - - -
- - - -
- - - -
=======================================


!!! time = 1.19209289551e-05
==============Board State==============

 - o - -  - - - -  - - - -  - - - -
 x - - -  - x - -  - - - -  - - - -
 x - - -  - - - -  - - - -  - o x -
 - - - -  - - - -  x x x x  - - o -

 - - o -  - - o -  - - o -  - - - -
 - x - -  - - x -  - - - -  - - - -
 - - - -  - - o -  - - - -  - - - -
 - - - -  - - - -  - - - -  o - - -

 o - - -  x - - -  - - - -  - - - -
 - - - -  - o - -  - - - -  - - - -
 - - - -  - - - -  - - x o  - - - -
 - - - -  - - - -  - - - o  o - - -

 - - - x  - - o -  - - - -  o - - x
 o - - x  - - - -  - - - -  - - - -
 - - - -  - - - -  - x - x  - - - -
 - - - -  - - - -  - - o -  - - - -

==============Block State==============
- - x -
- - - -
- - - -
- - - -
=======================================


10 11
!!! time = 1.24309802055
('CONTINUE', '-')
==============Board State==============

 - o - -  - - - -  - - - -  - - - -
 x - - -  - x - -  - - - -  - - - -
 x - - -  - - - -  - - - -  - o x -
 - - - -  - - - -  x x x x  - - o -

 - - o -  - - o -  - - o -  - - - -
 - x - -  - - x -  - - - -  - - - -
 - - - -  - - o -  - - - -  - - - -
 - - - -  - - - -  - - - -  o - - -

 o - - -  x - - -  - - - -  - - - -
 - - - -  - o - -  - - - -  - - x -
 - - - -  - - - -  - - x o  - - - -
 - - - -  - - - -  - - - o  o - - -

 - - - x  - - o -  - - - -  o - - x
 o - - x  - - - -  - - - -  - - - -
 - - - -  - - - -  - x - x  - - - -
 - - - -  - - - -  - - o -  - - - -

==============Block State==============
- - x -
- - - -
- - - -
- - - -
=======================================


!!! time = 1.19209289551e-05
==============Board State==============

 - o - -  - - - -  - - - -  - - - -
 x - - -  - x - -  - - - -  - - - -
 x - - -  - - - -  - - - -  - o x -
 - - - -  - - - -  x x x x  - - o -

 - - o -  - - o -  o - o -  - - - -
 - x - -  - - x -  - - - -  - - - -
 - - - -  - - o -  - - - -  - - - -
 - - - -  - - - -  - - - -  o - - -

 o - - -  x - - -  - - - -  - - - -
 - - - -  - o - -  - - - -  - - x -
 - - - -  - - - -  - - x o  - - - -
 - - - -  - - - -  - - - o  o - - -

 - - - x  - - o -  - - - -  o - - x
 o - - x  - - - -  - - - -  - - - -
 - - - -  - - - -  - x - x  - - - -
 - - - -  - - - -  - - o -  - - - -

==============Block State==============
- - x -
- - - -
- - - -
- - - -
=======================================


4 8
!!! time = 1.44519805908
('CONTINUE', '-')
==============Board State==============

 - o - -  - - - -  - - - -  - - - -
 x - - -  - x - -  - - - -  - - - -
 x - - -  - - - -  - - - -  - o x -
 x - - -  - - - -  x x x x  - - o -

 - - o -  - - o -  o - o -  - - - -
 - x - -  - - x -  - - - -  - - - -
 - - - -  - - o -  - - - -  - - - -
 - - - -  - - - -  - - - -  o - - -

 o - - -  x - - -  - - - -  - - - -
 - - - -  - o - -  - - - -  - - x -
 - - - -  - - - -  - - x o  - - - -
 - - - -  - - - -  - - - o  o - - -

 - - - x  - - o -  - - - -  o - - x
 o - - x  - - - -  - - - -  - - - -
 - - - -  - - - -  - x - x  - - - -
 - - - -  - - - -  - - o -  - - - -

==============Block State==============
- - x -
- - - -
- - - -
- - - -
=======================================


!!! time = 1.50203704834e-05
==============Board State==============

 - o - -  - - - -  - - - -  - - - -
 x - - -  - x - -  - - - -  - - - -
 x - - -  - - - -  - - - -  - o x -
 x - - -  - - - -  x x x x  - - o -

 - - o -  - - o -  o - o -  - - - -
 - x - -  - - x -  - - - -  - - - -
 - - - -  - - o -  - - - -  - - - -
 - - - -  - - - -  - - - -  o - - -

 o - - -  x - - -  - - - -  - - - -
 - - - -  - o - -  - - - -  - - x -
 - - - -  - - - -  - - x o  - - - -
 - - - -  - - - -  - - - o  o - - -

 - - - x  - - o -  - - - -  o - - x
 o - - x  - - - -  - - - -  - - - -
 - - - -  - - - -  - x - x  - - - -
 o - - -  - - - -  - - o -  - - - -

==============Block State==============
- - x -
- - - -
- - - -
- - - -
=======================================


15 0
!!! time = 0.793814897537
('CONTINUE', '-')
==============Board State==============

 - o - -  - - - -  - - - -  - - - -
 x - - -  - x - -  - - - -  - - - -
 x - - -  - - - -  - - - -  - o x -
 x - - -  - - - -  x x x x  - - o -

 - - o -  - - o -  o - o -  - - - -
 - x - -  - - x -  - - - -  - - - -
 - - - -  - - o -  - - - -  - - - -
 - - - -  - - - -  - - - -  o - - -

 o - - -  x - - -  - - - -  - - - -
 - - - -  - o - -  - - - -  - - x -
 - - - -  - - - -  - - x o  - - - -
 - - - -  - - - -  - - - o  o - - -

 - - - x  - - o -  - - - -  o - - x
 o - - x  - - - -  - - - -  - - - -
 - - - -  - - - -  - x - x  - - - -
 o - - x  - - - -  - - o -  - - - -

==============Block State==============
- - x -
- - - -
- - - -
- - - -
=======================================


!!! time = 1.19209289551e-05
==============Board State==============

 - o - -  - - - -  - - - -  - - - -
 x - - -  - x - -  - - - -  - - - -
 x - - -  - - - -  - - - -  - o x -
 x - - -  - - - -  x x x x  - - o -

 - - o -  - - o -  o - o -  - - - -
 - x - -  - - x -  - - - -  - - - -
 - - - -  - - o -  - - - -  - - - -
 - - - -  - - - -  - - - -  o - - -

 o - - -  x - - -  - - - -  - - - -
 - - - -  - o - -  - - - -  - - x -
 - - - -  - - - -  - - x o  - - - -
 - - - -  - - - -  - - - o  o - - -

 - - - x  - - o -  - - - -  o - - x
 o - - x  - - - -  - - - -  - o - -
 - - - -  - - - -  - x - x  - - - -
 o - - x  - - - -  - - o -  - - - -

==============Block State==============
- - x -
- - - -
- - - -
- - - -
=======================================


13 13
!!! time = 1.11257696152
('CONTINUE', '-')
==============Board State==============

 - o - -  - - - -  - - - -  - - - -
 x - - -  - x - -  - - - -  - - - -
 x - - -  - - - -  - - - -  - o x -
 x - - -  - - - -  x x x x  - - o -

 - - o -  - - o -  o - o -  - - - -
 - x - -  - - x -  - - - -  - - - -
 - - - -  - x o -  - - - -  - - - -
 - - - -  - - - -  - - - -  o - - -

 o - - -  x - - -  - - - -  - - - -
 - - - -  - o - -  - - - -  - - x -
 - - - -  - - - -  - - x o  - - - -
 - - - -  - - - -  - - - o  o - - -

 - - - x  - - o -  - - - -  o - - x
 o - - x  - - - -  - - - -  - o - -
 - - - -  - - - -  - x - x  - - - -
 o - - x  - - - -  - - o -  - - - -

==============Block State==============
- - x -
- - - -
- - - -
- - - -
=======================================


!!! time = 1.4066696167e-05
==============Board State==============

 - o - -  - - - -  - - - -  - - - -
 x - - -  - x - -  - - - -  - - - -
 x - - -  - - - -  - - - -  - o x -
 x - - -  - - - -  x x x x  - - o -

 - - o -  - - o -  o - o -  - - - -
 - x - -  - - x -  - - - -  - - - -
 - - - -  - x o -  - - - -  - - - -
 - - - -  - - - -  - - - -  o - - -

 o - - -  x - - -  - - - -  - - - -
 - - - -  - o - -  - - - -  - - x -
 - - - -  - - - -  - - x o  - - - -
 - - - -  - - - o  - - - o  o - - -

 - - - x  - - o -  - - - -  o - - x
 o - - x  - - - -  - - - -  - o - -
 - - - -  - - - -  - x - x  - - - -
 o - - x  - - - -  - - o -  - - - -

==============Block State==============
- - x -
- - - -
- - - -
- - - -
=======================================


11 7
!!! time = 1.09014105797
('CONTINUE', '-')
==============Board State==============

 - o - -  - - - -  - - - -  - - - -
 x - - -  - x - -  - - - -  - - - -
 x - - -  - - - -  - - - -  - o x -
 x - - -  - - - -  x x x x  - - o -

 - - o -  - - o -  o - o -  - - - -
 - x - -  - - x -  - - - -  - - - -
 - - - -  - x o -  - - - -  - - - -
 - - - -  - - - -  - - - -  o - - -

 o - - -  x - - -  - - - -  - - - -
 - - - -  - o - -  - - - -  - - x -
 - - - -  - - - -  - - x o  - - - -
 - - - -  - - - o  - - - o  o - - -

 - - - x  - - o -  - - - -  o - - x
 o - - x  - - - -  - - - -  - o - -
 - - - -  - - - -  - x - x  - - - -
 o - - x  - - - -  - - o -  - - - x

==============Block State==============
- - x -
- - - -
- - - -
- - - -
=======================================


!!! time = 1.28746032715e-05
==============Board State==============

 - o - -  - - - -  - - - -  - - - -
 x - - -  - x - -  - - - -  - - - -
 x - - -  - - - -  - - - -  - o x -
 x - - -  - - - -  x x x x  - - o -

 - - o -  - - o -  o - o -  - - - -
 - x - -  - - x -  - - - -  - - - -
 - - - -  - x o -  - - - -  - - - -
 - - - -  - - - -  - - - -  o - - -

 o - - -  x - - -  - - - -  - - - -
 - - - -  - o - -  - - - -  - - x -
 - - - -  - - - -  - - x o  - - - -
 - - - -  - - - o  - - - o  o - - -

 - - - x  - - o -  - - - -  o - - x
 o - - x  - - - -  - - - -  - o o -
 - - - -  - - - -  - x - x  - - - -
 o - - x  - - - -  - - o -  - - - x

==============Block State==============
- - x -
- - - -
- - - -
- - - -
=======================================


13 14
!!! time = 1.43264079094
('CONTINUE', '-')
==============Board State==============

 - o - -  - - - -  - - - -  - - - -
 x - - -  - x - -  - - - -  - - - -
 x - - -  - - - -  - - - -  - o x -
 x - - -  - - - -  x x x x  - - o -

 - - o -  - - o -  o x o -  - - - -
 - x - -  - - x -  - - - -  - - - -
 - - - -  - x o -  - - - -  - - - -
 - - - -  - - - -  - - - -  o - - -

 o - - -  x - - -  - - - -  - - - -
 - - - -  - o - -  - - - -  - - x -
 - - - -  - - - -  - - x o  - - - -
 - - - -  - - - o  - - - o  o - - -

 - - - x  - - o -  - - - -  o - - x
 o - - x  - - - -  - - - -  - o o -
 - - - -  - - - -  - x - x  - - - -
 o - - x  - - - -  - - o -  - - - x

==============Block State==============
- - x -
- - - -
- - - -
- - - -
=======================================


!!! time = 1.19209289551e-05
==============Board State==============

 - o - -  - - - -  - - - -  - - - -
 x - - -  - x - -  - - - -  - - - -
 x - - -  - - - -  - - - -  - o x -
 x - - -  - o - -  x x x x  - - o -

 - - o -  - - o -  o x o -  - - - -
 - x - -  - - x -  - - - -  - - - -
 - - - -  - x o -  - - - -  - - - -
 - - - -  - - - -  - - - -  o - - -

 o - - -  x - - -  - - - -  - - - -
 - - - -  - o - -  - - - -  - - x -
 - - - -  - - - -  - - x o  - - - -
 - - - -  - - - o  - - - o  o - - -

 - - - x  - - o -  - - - -  o - - x
 o - - x  - - - -  - - - -  - o o -
 - - - -  - - - -  - x - x  - - - -
 o - - x  - - - -  - - o -  - - - x

==============Block State==============
- - x -
- - - -
- - - -
- - - -
=======================================


3 5
!!! time = 1.53513622284
('CONTINUE', '-')
==============Board State==============

 - o - -  - - - -  - - - -  - - - -
 x - - -  - x - -  - - - -  - - - -
 x - - -  - - - -  - - - -  - o x -
 x - - -  - o - -  x x x x  - - o -

 - - o -  - - o -  o x o -  - - - -
 - x - -  - - x -  - - - -  - - - -
 - - - -  - x o -  - - - -  - - - -
 - - - -  - - - -  - - - -  o - - -

 o - - -  x - - -  - - - -  - - - -
 - - - -  - o - -  - - - -  - - x -
 - - - -  - - - -  - - x o  - - - -
 - - - -  - - - o  - - - o  o - - -

 - - - x  - x o -  - - - -  o - - x
 o - - x  - - - -  - - - -  - o o -
 - - - -  - - - -  - x - x  - - - -
 o - - x  - - - -  - - o -  - - - x

==============Block State==============
- - x -
- - - -
- - - -
- - - -
=======================================


!!! time = 1.50203704834e-05
==============Board State==============

 - o - -  - - - -  - - - -  - - - -
 x - - -  - x - -  - - - -  - - - -
 x - - -  o - - -  - - - -  - o x -
 x - - -  - o - -  x x x x  - - o -

 - - o -  - - o -  o x o -  - - - -
 - x - -  - - x -  - - - -  - - - -
 - - - -  - x o -  - - - -  - - - -
 - - - -  - - - -  - - - -  o - - -

 o - - -  x - - -  - - - -  - - - -
 - - - -  - o - -  - - - -  - - x -
 - - - -  - - - -  - - x o  - - - -
 - - - -  - - - o  - - - o  o - - -

 - - - x  - x o -  - - - -  o - - x
 o - - x  - - - -  - - - -  - o o -
 - - - -  - - - -  - x - x  - - - -
 o - - x  - - - -  - - o -  - - - x

==============Block State==============
- - x -
- - - -
- - - -
- - - -
=======================================


2 4
!!! time = 1.83049607277
('CONTINUE', '-')
==============Board State==============

 - o - -  - - - -  - - - -  - - - -
 x - - -  - x - -  - - - -  - - - -
 x - - -  o - - -  - - - -  - o x -
 x - - -  - o - -  x x x x  - - o -

 - - o -  - - o -  o x o -  - - - -
 - x - -  - - x -  - - - -  - - - -
 - - - -  - x o -  - - - -  - - - -
 - - - -  - - - -  - - - -  o - - -

 o - - -  x - - -  - - - -  - - - -
 - - - -  - o - -  - - - -  - - x -
 - - - x  - - - -  - - x o  - - - -
 - - - -  - - - o  - - - o  o - - -

 - - - x  - x o -  - - - -  o - - x
 o - - x  - - - -  - - - -  - o o -
 - - - -  - - - -  - x - x  - - - -
 o - - x  - - - -  - - o -  - - - x

==============Block State==============
- - x -
- - - -
- - - -
- - - -
=======================================


!!! time = 1.28746032715e-05
==============Board State==============

 - o - -  - - - -  - - - -  - - - -
 x - - -  - x - -  - - - -  - - - -
 x - - -  o - - -  - - - -  - o x -
 x - - -  - o - -  x x x x  - - o -

 - - o -  - - o -  o x o -  - - - -
 - x - -  - - x -  - - - -  - - - -
 - - - -  - x o -  - - - -  - - - -
 - - - -  - - - -  - - - -  o - - -

 o - - -  x - - -  - - - -  - - - -
 - - - -  - o - -  - - - -  - - x -
 - - - x  - - - -  - - x o  - - - -
 - - - -  - - - o  - - - o  o - - o

 - - - x  - x o -  - - - -  o - - x
 o - - x  - - - -  - - - -  - o o -
 - - - -  - - - -  - x - x  - - - -
 o - - x  - - - -  - - o -  - - - x

==============Block State==============
- - x -
- - - -
- - - -
- - - -
=======================================


11 15
!!! time = 0.89737200737
('CONTINUE', '-')
==============Board State==============

 - o - -  - - - -  - - - -  - - - -
 x - - -  - x - -  - - - -  - - - -
 x - - -  o - - -  - - - -  - o x -
 x - - -  - o - -  x x x x  - - o -

 - - o -  - - o -  o x o -  - - - -
 - x - -  - - x -  - - - -  - - - -
 - - - -  - x o -  - - - -  - - - -
 - - - -  - - - -  - - - -  o - - -

 o - - -  x - - -  - - - -  - - - -
 - - - -  - o - -  - - - -  - - x -
 - - - x  - - - -  - - x o  - - - -
 - - - -  - - - o  - - - o  o - - o

 - - - x  - x o -  - - - -  o - - x
 o - - x  - - - -  - - - -  - o o x
 - - - -  - - - -  - x - x  - - - -
 o - - x  - - - -  - - o -  - - - x

==============Block State==============
- - x -
- - - -
- - - -
- - - -
=======================================


!!! time = 1.21593475342e-05
==============Board State==============

 - o - -  - - - -  - - - -  - - - -
 x - - -  - x - -  - - - -  - - - -
 x - - -  o - - -  - - - -  - o x -
 x - - -  - o - -  x x x x  - - o -

 - - o -  - - o -  o x o -  - - - -
 - x - -  - - x -  - - - -  - - - -
 - - - -  - x o -  - - - -  - - - -
 - - - -  - - - -  - - - -  o - - o

 o - - -  x - - -  - - - -  - - - -
 - - - -  - o - -  - - - -  - - x -
 - - - x  - - - -  - - x o  - - - -
 - - - -  - - - o  - - - o  o - - o

 - - - x  - x o -  - - - -  o - - x
 o - - x  - - - -  - - - -  - o o x
 - - - -  - - - -  - x - x  - - - -
 o - - x  - - - -  - - o -  - - - x

==============Block State==============
- - x -
- - - -
- - - -
- - - -
=======================================


7 15
!!! time = 5.6485710144
('CONTINUE', '-')
==============Board State==============

 - o - -  - - - -  - - - -  - - - -
 x - - -  - x - -  - - - -  - - - -
 x - - -  o - - -  - - - -  - o x -
 x - - -  - o - -  x x x x  - - o -

 - - o -  - - o -  o x o -  - - - -
 - x - -  - - x -  - - - -  - - - -
 - - - -  - x o -  - - - -  - - - -
 - - - -  - - - -  - - - -  o - - o

 o - - -  x - - -  - - - -  - - - -
 - - - -  - o - -  - - - -  - - x -
 - - - x  - - - -  - - x o  - - - -
 - - - -  - - - o  - - - o  o - - o

 - - - x  - x o -  - - - -  o - - x
 o - - x  - - - -  - - - -  - o o x
 - - - -  - - - -  - x - x  - - - x
 o - - x  - - - -  - - o -  - - - x

==============Block State==============
- - x -
- - - -
- - - -
- - - x
=======================================


!!! time = 1.50203704834e-05
==============Board State==============

 - o - -  - - - -  - - - -  - - - -
 x - - -  - x - -  - - - -  - - - -
 x - - -  o - - -  - - - -  - o x -
 x - - -  - o - -  x x x x  - - o -

 - - o -  - - o -  o x o -  - - - -
 - x - -  - - x -  - - - -  - - - -
 - - - -  - x o -  - - - -  - - - -
 - - - -  - - - -  - - - -  o - - o

 o - - -  x - - -  - - - -  - - - -
 - - - -  - o - -  - - - -  - - x o
 - - - x  - - - -  - - x o  - - - -
 - - - -  - - - o  - - - o  o - - o

 - - - x  - x o -  - - - -  o - - x
 o - - x  - - - -  - - - -  - o o x
 - - - -  - - - -  - x - x  - - - x
 o - - x  - - - -  - - o -  - - - x

==============Block State==============
- - x -
- - - -
- - - -
- - - x
=======================================


9 15
!!! time = 1.25007200241
('CONTINUE', '-')
==============Board State==============

 - o - -  - - - -  - - - -  - - - -
 x - - -  - x - -  - - - -  - - - -
 x - - -  o - - -  - - - -  - o x -
 x - - -  - o - -  x x x x  - - o -

 - - o -  - - o -  o x o -  - - - -
 - x - -  - - x -  - - - -  - - - -
 - - - -  - x o -  - - - -  - - - -
 - - - -  - - - -  - - - -  o x - o

 o - - -  x - - -  - - - -  - - - -
 - - - -  - o - -  - - - -  - - x o
 - - - x  - - - -  - - x o  - - - -
 - - - -  - - - o  - - - o  o - - o

 - - - x  - x o -  - - - -  o - - x
 o - - x  - - - -  - - - -  - o o x
 - - - -  - - - -  - x - x  - - - x
 o - - x  - - - -  - - o -  - - - x

==============Block State==============
- - x -
- - - -
- - - -
- - - x
=======================================


!!! time = 1.31130218506e-05
==============Board State==============

 - o - -  - - - -  - - - -  - - - -
 x - - -  - x - -  - - - -  - - - -
 x - - -  o - - -  - - - -  - o x -
 x - - -  - o - -  x x x x  - - o -

 - - o -  - - o -  o x o -  - - - -
 - x - -  - - x -  - - - -  - - - -
 - - - -  - x o -  - - - -  - - - -
 - - - -  - - - -  - - - -  o x - o

 o - - -  x - - -  - - - -  - - - -
 - - - -  - o - -  - - - -  - - x o
 - - - x  - - - -  - - x o  - - - -
 - - - -  - - - o  - - - o  o - - o

 - - - x  - x o -  - - - -  o - - x
 o - - x  - - o -  - - - -  - o o x
 - - - -  - - - -  - x - x  - - - x
 o - - x  - - - -  - - o -  - - - x

==============Block State==============
- - x -
- - - -
- - - -
- - - x
=======================================


13 6
!!! time = 1.31737685204
('CONTINUE', '-')
==============Board State==============

 - o - -  - - - -  - - - -  - - - -
 x - - -  - x - -  - - - -  - - - -
 x - - -  o - - -  - - - -  - o x -
 x - - -  - o - -  x x x x  - - o -

 - - o -  - - o -  o x o -  - - - -
 - x - -  - - x -  - - x -  - - - -
 - - - -  - x o -  - - - -  - - - -
 - - - -  - - - -  - - - -  o x - o

 o - - -  x - - -  - - - -  - - - -
 - - - -  - o - -  - - - -  - - x o
 - - - x  - - - -  - - x o  - - - -
 - - - -  - - - o  - - - o  o - - o

 - - - x  - x o -  - - - -  o - - x
 o - - x  - - o -  - - - -  - o o x
 - - - -  - - - -  - x - x  - - - x
 o - - x  - - - -  - - o -  - - - x

==============Block State==============
- - x -
- - - -
- - - -
- - - x
=======================================


!!! time = 1.28746032715e-05
==============Board State==============

 - o - -  - - - -  - - - -  - - - -
 x - - -  - x - -  - - - -  - - - -
 x - - -  o - - -  - - - -  - o x -
 x - - -  - o - -  x x x x  - - o -

 - - o -  - - o -  o x o -  - - - -
 - x - -  - - x -  - - x -  - - - -
 - - - -  - x o -  - - o -  - - - -
 - - - -  - - - -  - - - -  o x - o

 o - - -  x - - -  - - - -  - - - -
 - - - -  - o - -  - - - -  - - x o
 - - - x  - - - -  - - x o  - - - -
 - - - -  - - - o  - - - o  o - - o

 - - - x  - x o -  - - - -  o - - x
 o - - x  - - o -  - - - -  - o o x
 - - - -  - - - -  - x - x  - - - x
 o - - x  - - - -  - - o -  - - - x

==============Block State==============
- - x -
- - - -
- - - -
- - - x
=======================================


6 10
!!! time = 1.08131694794
('CONTINUE', '-')
==============Board State==============

 - o - -  - - - -  - - - -  - - - -
 x - - -  - x - -  - - - -  - - - -
 x - - -  o - - -  - - - -  - o x -
 x - - -  - o - -  x x x x  - - o -

 - - o -  - - o -  o x o -  - - - -
 - x - -  - - x -  - - x -  - - - -
 - - - -  - x o -  - - o -  - - - -
 - - - -  - - - -  - - - -  o x - o

 o - - -  x - - -  - - - x  - - - -
 - - - -  - o - -  - - - -  - - x o
 - - - x  - - - -  - - x o  - - - -
 - - - -  - - - o  - - - o  o - - o

 - - - x  - x o -  - - - -  o - - x
 o - - x  - - o -  - - - -  - o o x
 - - - -  - - - -  - x - x  - - - x
 o - - x  - - - -  - - o -  - - - x

==============Block State==============
- - x -
- - - -
- - - -
- - - x
=======================================


!!! time = 1.21593475342e-05
==============Board State==============

 - o - -  - - - -  - - - -  - - - o
 x - - -  - x - -  - - - -  - - - -
 x - - -  o - - -  - - - -  - o x -
 x - - -  - o - -  x x x x  - - o -

 - - o -  - - o -  o x o -  - - - -
 - x - -  - - x -  - - x -  - - - -
 - - - -  - x o -  - - o -  - - - -
 - - - -  - - - -  - - - -  o x - o

 o - - -  x - - -  - - - x  - - - -
 - - - -  - o - -  - - - -  - - x o
 - - - x  - - - -  - - x o  - - - -
 - - - -  - - - o  - - - o  o - - o

 - - - x  - x o -  - - - -  o - - x
 o - - x  - - o -  - - - -  - o o x
 - - - -  - - - -  - x - x  - - - x
 o - - x  - - - -  - - o -  - - - x

==============Block State==============
- - x -
- - - -
- - - -
- - - x
=======================================


0 15
!!! time = 0.966575145721
('CONTINUE', '-')
==============Board State==============

 - o - -  - - - -  - - - -  - - - o
 x - - -  - x - -  - - - -  - x - -
 x - - -  o - - -  - - - -  - o x -
 x - - -  - o - -  x x x x  - - o -

 - - o -  - - o -  o x o -  - - - -
 - x - -  - - x -  - - x -  - - - -
 - - - -  - x o -  - - o -  - - - -
 - - - -  - - - -  - - - -  o x - o

 o - - -  x - - -  - - - x  - - - -
 - - - -  - o - -  - - - -  - - x o
 - - - x  - - - -  - - x o  - - - -
 - - - -  - - - o  - - - o  o - - o

 - - - x  - x o -  - - - -  o - - x
 o - - x  - - o -  - - - -  - o o x
 - - - -  - - - -  - x - x  - - - x
 o - - x  - - - -  - - o -  - - - x

==============Block State==============
- - x -
- - - -
- - - -
- - - x
=======================================


!!! time = 1.19209289551e-05
==============Board State==============

 - o - -  - - - -  - - - -  - - - o
 x - - -  - x - -  - - - -  - x - -
 x - - -  o - - -  - - - -  - o x -
 x - - -  - o - -  x x x x  - - o -

 - - o -  - - o -  o x o -  - - - -
 - x - -  - - x -  - - x -  - - - -
 - - - -  - x o -  - - o -  - - - -
 - - - -  - - - o  - - - -  o x - o

 o - - -  x - - -  - - - x  - - - -
 - - - -  - o - -  - - - -  - - x o
 - - - x  - - - -  - - x o  - - - -
 - - - -  - - - o  - - - o  o - - o

 - - - x  - x o -  - - - -  o - - x
 o - - x  - - o -  - - - -  - o o x
 - - - -  - - - -  - x - x  - - - x
 o - - x  - - - -  - - o -  - - - x

==============Block State==============
- - x -
- - - -
- - - -
- - - x
=======================================


7 7
!!! time = 1.03105092049
('CONTINUE', '-')
==============Board State==============

 - o - -  - - - -  - - - -  - - - o
 x - - -  - x - -  - - - -  - x - -
 x - - -  o - - -  - - - -  - o x -
 x - - -  - o - -  x x x x  - - o -

 - - o -  - - o -  o x o -  - - - -
 - x - -  - - x -  - - x -  - - - -
 - - - -  - x o -  - - o -  - - - -
 - - - -  - - - o  - - - -  o x - o

 o - - -  x - - -  - - - x  - - - -
 - - - -  - o - -  - - - -  - - x o
 - - - x  - - - -  - - x o  - - - -
 - - - -  - - - o  - - - o  o - - o

 - - - x  - x o -  - - - -  o - - x
 o - - x  - - o -  - - - -  - o o x
 - - - x  - - - -  - x - x  - - - x
 o - - x  - - - -  - - o -  - - - x

==============Block State==============
- - x -
- - - -
- - - -
x - - x
=======================================


!!! time = 1.59740447998e-05
==============Board State==============

 - o - -  - - - -  - - - -  - - - o
 x - - -  - x - -  - - - -  - x - -
 x - - -  o - - -  - - - -  - o x -
 x - - -  - o - -  x x x x  - - o -

 - - o -  - - o -  o x o -  - - - -
 - x - -  - - x -  - - x -  - - - -
 - - - -  - x o -  - - o -  - - - -
 - - - -  - - - o  - - - -  o x - o

 o - - -  x - - -  - - - x  - - - -
 - - - -  - o - -  - - - -  - - x o
 - - - x  - - - -  - - x o  - - - -
 - - - -  - - - o  - - - o  o - o o

 - - - x  - x o -  - - - -  o - - x
 o - - x  - - o -  - - - -  - o o x
 - - - x  - - - -  - x - x  - - - x
 o - - x  - - - -  - - o -  - - - x

==============Block State==============
- - x -
- - - -
- - - -
x - - x
=======================================


11 14
!!! time = 2.75201702118
('CONTINUE', '-')
==============Board State==============

 - o - -  - - - -  - - - -  - - - o
 x - - -  - x - -  - - - -  - x - -
 x - - -  o - - -  - - - -  - o x -
 x - - -  - o - -  x x x x  - - o -

 - - o -  - - o -  o x o -  - - - -
 - x - -  - - x -  - - x -  - - - -
 - - - -  - x o -  - - o -  - - - -
 - - - -  - - - o  - - - -  o x - o

 o - - -  x - - -  - - - x  - - - -
 - - - -  - o - -  - - - -  - - x o
 - - - x  - - - -  - - x o  - - - -
 - - - -  - - - o  - - - o  o - o o

 - - - x  - x o -  - - - -  o - - x
 o - - x  - - o -  - - - -  - o o x
 - - - x  - - - -  - x x x  - - - x
 o - - x  - - - -  - - o -  - - - x

==============Block State==============
- - x -
- - - -
- - - -
x - - x
=======================================


!!! time = 1.28746032715e-05
==============Board State==============

 - o - -  - - - -  - - - -  - - - o
 x - - -  - x - -  - - - -  - x - -
 x - - -  o - - -  - - - -  - o x -
 x - - -  - o - -  x x x x  - - o -

 - - o -  - - o -  o x o -  - - - -
 - x - -  - - x -  - - x -  - - - -
 - - - -  - x o -  - - o -  - - - -
 - - - -  - - - o  - - - -  o x - o

 o - - -  x - - -  - - - x  - - - -
 - - - -  - o - -  - o - -  - - x o
 - - - x  - - - -  - - x o  - - - -
 - - - -  - - - o  - - - o  o - o o

 - - - x  - x o -  - - - -  o - - x
 o - - x  - - o -  - - - -  - o o x
 - - - x  - - - -  - x x x  - - - x
 o - - x  - - - -  - - o -  - - - x

==============Block State==============
- - x -
- - - -
- - - -
x - - x
=======================================


9 9
!!! time = 0.79927110672
('CONTINUE', '-')
==============Board State==============

 - o - -  - - - -  - - - -  - - - o
 x - - -  - x - -  - - - -  - x - -
 x - - -  o - - -  - - - -  - o x -
 x - - -  - o - -  x x x x  - - o -

 - - o -  - - o x  o x o -  - - - -
 - x - -  - - x -  - - x -  - - - -
 - - - -  - x o -  - - o -  - - - -
 - - - -  - - - o  - - - -  o x - o

 o - - -  x - - -  - - - x  - - - -
 - - - -  - o - -  - o - -  - - x o
 - - - x  - - - -  - - x o  - - - -
 - - - -  - - - o  - - - o  o - o o

 - - - x  - x o -  - - - -  o - - x
 o - - x  - - o -  - - - -  - o o x
 - - - x  - - - -  - x x x  - - - x
 o - - x  - - - -  - - o -  - - - x

==============Block State==============
- - x -
- - - -
- - - -
x - - x
=======================================


!!! time = 1.21593475342e-05
==============Board State==============

 - o - -  - - - -  - - - -  - - - o
 x - - -  - x - -  - - - -  - x - -
 x - - -  o - - -  - - - -  - o x -
 x - - -  - o - -  x x x x  - o o -

 - - o -  - - o x  o x o -  - - - -
 - x - -  - - x -  - - x -  - - - -
 - - - -  - x o -  - - o -  - - - -
 - - - -  - - - o  - - - -  o x - o

 o - - -  x - - -  - - - x  - - - -
 - - - -  - o - -  - o - -  - - x o
 - - - x  - - - -  - - x o  - - - -
 - - - -  - - - o  - - - o  o - o o

 - - - x  - x o -  - - - -  o - - x
 o - - x  - - o -  - - - -  - o o x
 - - - x  - - - -  - x x x  - - - x
 o - - x  - - - -  - - o -  - - - x

==============Block State==============
- - x -
- - - -
- - - -
x - - x
=======================================


3 13
!!! time = 1.35776400566
('CONTINUE', '-')
==============Board State==============

 - o - -  - - - -  - - - -  - - - o
 x - - -  - x - -  - - - -  - x - -
 x - - -  o - - -  - - - -  - o x -
 x - - -  - o - -  x x x x  - o o -

 - - o -  - - o x  o x o -  - - - -
 - x - -  - - x -  - - x -  - - - -
 - - - -  - x o -  - - o -  - - - -
 - - - -  - - - o  - - - -  o x - o

 o - - -  x - - -  - - - x  - - - -
 - - - -  - o - -  - o - -  - - x o
 - - - x  - - - -  - - x o  - - - -
 - - - -  - - - o  - - - o  o - o o

 - - - x  - x o -  - - - -  o - - x
 o - - x  - - o -  - - - -  - o o x
 - - - x  - - x -  - x x x  - - - x
 o - - x  - - - -  - - o -  - - - x

==============Block State==============
- - x -
- - - -
- - - -
x - - x
=======================================


!!! time = 1.19209289551e-05
==============Board State==============

 - o - -  - - - -  - - - -  - - - o
 x - - -  - x - -  - - - -  - x - -
 x - - -  o - - -  - - - -  - o x -
 x - - -  - o - -  x x x x  - o o -

 - - o -  - - o x  o x o -  - - - -
 - x - -  - - x -  - - x -  - - - -
 - - - -  - x o -  - - o -  - - - -
 - - - -  - - - o  - - - -  o x - o

 o - - -  x - - -  - o - x  - - - -
 - - - -  - o - -  - o - -  - - x o
 - - - x  - - - -  - - x o  - - - -
 - - - -  - - - o  - - - o  o - o o

 - - - x  - x o -  - - - -  o - - x
 o - - x  - - o -  - - - -  - o o x
 - - - x  - - x -  - x x x  - - - x
 o - - x  - - - -  - - o -  - - - x

==============Block State==============
- - x -
- - - -
- - - -
x - - x
=======================================


8 9
!!! time = 1.31222391129
('CONTINUE', '-')
==============Board State==============

 - o - -  - - - -  - - - -  - - - o
 x - - -  x x - -  - - - -  - x - -
 x - - -  o - - -  - - - -  - o x -
 x - - -  - o - -  x x x x  - o o -

 - - o -  - - o x  o x o -  - - - -
 - x - -  - - x -  - - x -  - - - -
 - - - -  - x o -  - - o -  - - - -
 - - - -  - - - o  - - - -  o x - o

 o - - -  x - - -  - o - x  - - - -
 - - - -  - o - -  - o - -  - - x o
 - - - x  - - - -  - - x o  - - - -
 - - - -  - - - o  - - - o  o - o o

 - - - x  - x o -  - - - -  o - - x
 o - - x  - - o -  - - - -  - o o x
 - - - x  - - x -  - x x x  - - - x
 o - - x  - - - -  - - o -  - - - x

==============Block State==============
- - x -
- - - -
- - - -
x - - x
=======================================


!!! time = 1.31130218506e-05
==============Board State==============

 - o - -  - - - -  - - - -  - - - o
 x - - -  x x - -  - - - -  - x - -
 x - - -  o - - -  - - - -  - o x -
 x - - -  - o - -  x x x x  - o o -

 - - o -  - - o x  o x o -  - - - -
 - x o -  - - x -  - - x -  - - - -
 - - - -  - x o -  - - o -  - - - -
 - - - -  - - - o  - - - -  o x - o

 o - - -  x - - -  - o - x  - - - -
 - - - -  - o - -  - o - -  - - x o
 - - - x  - - - -  - - x o  - - - -
 - - - -  - - - o  - - - o  o - o o

 - - - x  - x o -  - - - -  o - - x
 o - - x  - - o -  - - - -  - o o x
 - - - x  - - x -  - x x x  - - - x
 o - - x  - - - -  - - o -  - - - x

==============Block State==============
- - x -
- - - -
- - - -
x - - x
=======================================


5 2
!!! time = 5.35072803497
('CONTINUE', '-')
==============Board State==============

 - o - -  - - - -  - - - -  - - - o
 x - - -  x x - -  - - - -  - x - -
 x - - -  o - - -  - - - -  - o x -
 x - - -  - o - -  x x x x  - o o -

 - - o -  - - o x  o x o -  - - - -
 - x o -  - - x -  - x x -  - - - -
 - - - -  - x o -  - - o -  - - - -
 - - - -  - - - o  - - - -  o x - o

 o - - -  x - - -  - o - x  - - - -
 - - - -  - o - -  - o - -  - - x o
 - - - x  - - - -  - - x o  - - - -
 - - - -  - - - o  - - - o  o - o o

 - - - x  - x o -  - - - -  o - - x
 o - - x  - - o -  - - - -  - o o x
 - - - x  - - x -  - x x x  - - - x
 o - - x  - - - -  - - o -  - - - x

==============Block State==============
- - x -
- - - -
- - - -
x - - x
=======================================


!!! time = 1.19209289551e-05
==============Board State==============

 - o - -  - - - -  - - - -  - - - o
 x - - -  x x - -  - - - -  - x - -
 x - - -  o - - -  - - - -  - o x -
 x - - -  - o - -  x x x x  - o o -

 - - o -  - - o x  o x o -  - - - -
 - x o -  - o x -  - x x -  - - - -
 - - - -  - x o -  - - o -  - - - -
 - - - -  - - - o  - - - -  o x - o

 o - - -  x - - -  - o - x  - - - -
 - - - -  - o - -  - o - -  - - x o
 - - - x  - - - -  - - x o  - - - -
 - - - -  - - - o  - - - o  o - o o

 - - - x  - x o -  - - - -  o - - x
 o - - x  - - o -  - - - -  - o o x
 - - - x  - - x -  - x x x  - - - x
 o - - x  - - - -  - - o -  - - - x

==============Block State==============
- - x -
- - - -
- - - -
x - - x
=======================================


5 5
!!! time = 2.73923206329
('CONTINUE', '-')
==============Board State==============

 - o - -  - - - -  - - - -  - - - o
 x - - -  x x - -  - - - -  - x - -
 x - - -  o - - -  - - - -  - o x -
 x - - -  - o - -  x x x x  - o o -

 - - o -  - - o x  o x o -  - - - -
 - x o -  - o x -  - x x -  - - - -
 - - - -  - x o -  - - o -  - - - -
 - - - -  x - - o  - - - -  o x - o

 o - - -  x - - -  - o - x  - - - -
 - - - -  - o - -  - o - -  - - x o
 - - - x  - - - -  - - x o  - - - -
 - - - -  - - - o  - - - o  o - o o

 - - - x  - x o -  - - - -  o - - x
 o - - x  - - o -  - - - -  - o o x
 - - - x  - - x -  - x x x  - - - x
 o - - x  - - - -  - - o -  - - - x

==============Block State==============
- - x -
- x - -
- - - -
x - - x
=======================================


!!! time = 7.29560852051e-05
==============Board State==============

 - o - -  - - - -  - - - -  - - - o
 x - - -  x x - -  - - - -  - x - -
 x - - -  o - - -  - - - -  - o x -
 x - - -  - o - -  x x x x  - o o -

 - - o -  - - o x  o x o -  - - - -
 - x o -  - o x -  - x x -  - - - -
 - - - -  - x o -  - - o -  - - - -
 - - - -  x - - o  - - - -  o x - o

 o - - -  x - - -  - o - x  - - - -
 - - - -  - o - -  - o - -  - - x o
 - - - x  - - - -  - - x o  - - - -
 - - - -  - - - o  - - - o  o - o o

 - - - x  - x o -  - - - -  o - - x
 o - - x  - - o -  - - - o  - o o x
 - - - x  - - x -  - x x x  - - - x
 o - - x  - - - -  - - o -  - - - x

==============Block State==============
- - x -
- x - -
- - - -
x - - x
=======================================


13 11
!!! time = 2.91553997993
('CONTINUE', '-')
==============Board State==============

 - o - -  - - - -  - - - -  - - - o
 x - - -  x x - -  - - - -  - x - -
 x - - -  o - - -  - - - -  - o x -
 x - - -  - o - -  x x x x  - o o -

 - - o -  - - o x  o x o -  - - - -
 - x o -  - o x -  - x x -  - - - -
 - - - -  - x o -  - - o -  - x - -
 - - - -  x - - o  - - - -  o x - o

 o - - -  x - - -  - o - x  - - - -
 - - - -  - o - -  - o - -  - - x o
 - - - x  - - - -  - - x o  - - - -
 - - - -  - - - o  - - - o  o - o o

 - - - x  - x o -  - - - -  o - - x
 o - - x  - - o -  - - - o  - o o x
 - - - x  - - x -  - x x x  - - - x
 o - - x  - - - -  - - o -  - - - x

==============Block State==============
- - x -
- x - -
- - - -
x - - x
=======================================


!!! time = 1.31130218506e-05
==============Board State==============

 - o - -  - - - -  - - - -  - - - o
 x - - -  x x - -  - - - -  - x - -
 x - - -  o - - -  - - - -  - o x -
 x - - -  - o - -  x x x x  - o o -

 - - o -  - - o x  o x o -  - - - -
 - x o -  - o x -  - x x -  - - - -
 - - - -  - x o -  - - o -  - x - -
 - - - -  x - - o  - - - -  o x - o

 o - - -  x - - -  - o - x  - - - -
 - - - -  - o - -  - o - -  - - x o
 - - - x  o - - -  - - x o  - - - -
 - - - -  - - - o  - - - o  o - o o

 - - - x  - x o -  - - - -  o - - x
 o - - x  - - o -  - - - o  - o o x
 - - - x  - - x -  - x x x  - - - x
 o - - x  - - - -  - - o -  - - - x

==============Block State==============
- - x -
- x - -
- - - -
x - - x
=======================================


10 4
!!! time = 1.09517097473
('CONTINUE', '-')
==============Board State==============

 - o - -  - - - -  - - - -  - - - o
 x - - -  x x - -  - - - -  - x - -
 x - - -  o - - -  - - - -  - o x -
 x - - -  - o - -  x x x x  - o o -

 - - o -  - - o x  o x o -  - - - -
 - x o -  - o x -  - x x -  - - - -
 - - - -  - x o -  - - o -  - x - -
 - - - -  x - - o  - - - -  o x - o

 o - - x  x - - -  - o - x  - - - -
 - - - -  - o - -  - o - -  - - x o
 - - - x  o - - -  - - x o  - - - -
 - - - -  - - - o  - - - o  o - o o

 - - - x  - x o -  - - - -  o - - x
 o - - x  - - o -  - - - o  - o o x
 - - - x  - - x -  - x x x  - - - x
 o - - x  - - - -  - - o -  - - - x

==============Block State==============
- - x -
- x - -
- - - -
x - - x
=======================================


!!! time = 1.50203704834e-05
==============Board State==============

 - o - -  - - - -  - - - -  - - - o
 x - - -  x x - -  - - - -  - x - -
 x - - -  o - - -  - - - -  o o x -
 x - - -  - o - -  x x x x  - o o -

 - - o -  - - o x  o x o -  - - - -
 - x o -  - o x -  - x x -  - - - -
 - - - -  - x o -  - - o -  - x - -
 - - - -  x - - o  - - - -  o x - o

 o - - x  x - - -  - o - x  - - - -
 - - - -  - o - -  - o - -  - - x o
 - - - x  o - - -  - - x o  - - - -
 - - - -  - - - o  - - - o  o - o o

 - - - x  - x o -  - - - -  o - - x
 o - - x  - - o -  - - - o  - o o x
 - - - x  - - x -  - x x x  - - - x
 o - - x  - - - -  - - o -  - - - x

==============Block State==============
- - x -
- x - -
- - - -
x - - x
=======================================


2 12
!!! time = 0.980293989182
('CONTINUE', '-')
==============Board State==============

 - o - -  - - - -  - - - -  - - - o
 x - - -  x x - -  - - - -  - x - -
 x - - -  o - - -  - - - -  o o x -
 x - - -  - o - -  x x x x  - o o -

 - - o -  - - o x  o x o -  - - - -
 - x o -  - o x -  - x x -  - - - -
 - - - -  - x o -  - - o -  - x - -
 - - - -  x - - o  - - - -  o x - o

 o - - x  x - - -  - o - x  - - - -
 - - - x  - o - -  - o - -  - - x o
 - - - x  o - - -  - - x o  - - - -
 - - - -  - - - o  - - - o  o - o o

 - - - x  - x o -  - - - -  o - - x
 o - - x  - - o -  - - - o  - o o x
 - - - x  - - x -  - x x x  - - - x
 o - - x  - - - -  - - o -  - - - x

==============Block State==============
- - x -
- x - -
- - - -
x - - x
=======================================


!!! time = 1.31130218506e-05
==============Board State==============

 - o - -  - - - -  - - - -  - - - o
 x - - -  x x - -  - - - -  - x - -
 x - - -  o - - -  - - - -  o o x -
 x - - -  - o - -  x x x x  - o o -

 - - o -  - - o x  o x o -  - o - -
 - x o -  - o x -  - x x -  - - - -
 - - - -  - x o -  - - o -  - x - -
 - - - -  x - - o  - - - -  o x - o

 o - - x  x - - -  - o - x  - - - -
 - - - x  - o - -  - o - -  - - x o
 - - - x  o - - -  - - x o  - - - -
 - - - -  - - - o  - - - o  o - o o

 - - - x  - x o -  - - - -  o - - x
 o - - x  - - o -  - - - o  - o o x
 - - - x  - - x -  - x x x  - - - x
 o - - x  - - - -  - - o -  - - - x

==============Block State==============
- - x -
- x - -
- - - -
x - - x
=======================================


4 13
!!! time = 4.38390779495
('CONTINUE', '-')
==============Board State==============

 - o - -  - - - -  - - - -  - - - o
 x - - -  x x - x  - - - -  - x - -
 x - - -  o - - -  - - - -  o o x -
 x - - -  - o - -  x x x x  - o o -

 - - o -  - - o x  o x o -  - o - -
 - x o -  - o x -  - x x -  - - - -
 - - - -  - x o -  - - o -  - x - -
 - - - -  x - - o  - - - -  o x - o

 o - - x  x - - -  - o - x  - - - -
 - - - x  - o - -  - o - -  - - x o
 - - - x  o - - -  - - x o  - - - -
 - - - -  - - - o  - - - o  o - o o

 - - - x  - x o -  - - - -  o - - x
 o - - x  - - o -  - - - o  - o o x
 - - - x  - - x -  - x x x  - - - x
 o - - x  - - - -  - - o -  - - - x

==============Block State==============
- - x -
- x - -
- - - -
x - - x
=======================================


!!! time = 1.31130218506e-05
==============Board State==============

 - o - -  - - - -  - - - -  - - - o
 x - - -  x x - x  - - - -  - x - -
 x - - -  o - - -  - - - -  o o x -
 x - - -  - o - -  x x x x  - o o -

 - - o -  - - o x  o x o -  - o o -
 - x o -  - o x -  - x x -  - - - -
 - - - -  - x o -  - - o -  - x - -
 - - - -  x - - o  - - - -  o x - o

 o - - x  x - - -  - o - x  - - - -
 - - - x  - o - -  - o - -  - - x o
 - - - x  o - - -  - - x o  - - - -
 - - - -  - - - o  - - - o  o - o o

 - - - x  - x o -  - - - -  o - - x
 o - - x  - - o -  - - - o  - o o x
 - - - x  - - x -  - x x x  - - - x
 o - - x  - - - -  - - o -  - - - x

==============Block State==============
- - x -
- x - -
- - - -
x - - x
=======================================


4 14
!!! time = 1.0240688324
('CONTINUE', '-')
==============Board State==============

 - o - -  - - - -  - - - -  - - - o
 x - - -  x x x x  - - - -  - x - -
 x - - -  o - - -  - - - -  o o x -
 x - - -  - o - -  x x x x  - o o -

 - - o -  - - o x  o x o -  - o o -
 - x o -  - o x -  - x x -  - - - -
 - - - -  - x o -  - - o -  - x - -
 - - - -  x - - o  - - - -  o x - o

 o - - x  x - - -  - o - x  - - - -
 - - - x  - o - -  - o - -  - - x o
 - - - x  o - - -  - - x o  - - - -
 - - - -  - - - o  - - - o  o - o o

 - - - x  - x o -  - - - -  o - - x
 o - - x  - - o -  - - - o  - o o x
 - - - x  - - x -  - x x x  - - - x
 o - - x  - - - -  - - o -  - - - x

==============Block State==============
- x x -
- x - -
- - - -
x - - x
=======================================


!!! time = 1.19209289551e-05
==============Board State==============

 - o - -  - - - -  - - - -  - - - o
 x - - -  x x x x  - - - -  - x - -
 x - - -  o - - -  - - - -  o o x -
 x - - -  - o - -  x x x x  - o o -

 - - o -  - - o x  o x o -  - o o -
 - x o -  - o x -  - x x o  - - - -
 - - - -  - x o -  - - o -  - x - -
 - - - -  x - - o  - - - -  o x - o

 o - - x  x - - -  - o - x  - - - -
 - - - x  - o - -  - o - -  - - x o
 - - - x  o - - -  - - x o  - - - -
 - - - -  - - - o  - - - o  o - o o

 - - - x  - x o -  - - - -  o - - x
 o - - x  - - o -  - - - o  - o o x
 - - - x  - - x -  - x x x  - - - x
 o - - x  - - - -  - - o -  - - - x

==============Block State==============
- x x -
- x - -
- - - -
x - - x
=======================================


5 11
!!! time = 1.14129304886
('CONTINUE', '-')
==============Board State==============

 - o - -  - - - -  - - - -  - - - o
 x - - -  x x x x  - - - -  - x - -
 x - - -  o - - -  - - - -  o o x -
 x - - -  - o - -  x x x x  - o o -

 - - o -  - - o x  o x o -  - o o -
 - x o -  - o x -  - x x o  - - - -
 - - - -  - x o -  - - o -  x x - -
 - - - -  x - - o  - - - -  o x - o

 o - - x  x - - -  - o - x  - - - -
 - - - x  - o - -  - o - -  - - x o
 - - - x  o - - -  - - x o  - - - -
 - - - -  - - - o  - - - o  o - o o

 - - - x  - x o -  - - - -  o - - x
 o - - x  - - o -  - - - o  - o o x
 - - - x  - - x -  - x x x  - - - x
 o - - x  - - - -  - - o -  - - - x

==============Block State==============
- x x -
- x - -
- - - -
x - - x
=======================================


!!! time = 1.31130218506e-05
==============Board State==============

 - o - -  - - - -  - - - -  - - - o
 x - - -  x x x x  - - - -  - x - -
 x - - -  o - - -  - - - -  o o x -
 x - - -  - o - -  x x x x  - o o -

 - - o -  - - o x  o x o -  - o o -
 - x o -  - o x -  - x x o  - - - -
 - - - -  - x o -  - - o -  x x - -
 - - - -  x - - o  - - - -  o x - o

 o - - x  x - - -  - o - x  - - - -
 - - - x  - o - -  - o - -  - - x o
 o - - x  o - - -  - - x o  - - - -
 - - - -  - - - o  - - - o  o - o o

 - - - x  - x o -  - - - -  o - - x
 o - - x  - - o -  - - - o  - o o x
 - - - x  - - x -  - x x x  - - - x
 o - - x  - - - -  - - o -  - - - x

==============Block State==============
- x x -
- x - -
- - - -
x - - x
=======================================


10 0
!!! time = 2.68167304993
('CONTINUE', '-')
==============Board State==============

 - o - -  - - - -  - - - -  - - - o
 x - - -  x x x x  - - - -  - x - -
 x - - -  o - - -  - - - -  o o x -
 x - - -  - o - -  x x x x  - o o -

 - - o -  - - o x  o x o -  - o o -
 - x o -  - o x -  - x x o  - - - -
 - - - -  - x o -  - - o -  x x - -
 - - - -  x - - o  - - - -  o x - o

 o - - x  x - - -  - o - x  - - - -
 - - - x  - o - -  - o - -  - - x o
 o - - x  o - - -  - - x o  - - - -
 - - - x  - - - o  - - - o  o - o o

 - - - x  - x o -  - - - -  o - - x
 o - - x  - - o -  - - - o  - o o x
 - - - x  - - x -  - x x x  - - - x
 o - - x  - - - -  - - o -  - - - x

==============Block State==============
- x x -
- x - -
x - - -
x - - x
=======================================


!!! time = 6.89029693604e-05
==============Board State==============

 - o - -  - - - -  - - - -  - - - o
 x - - -  x x x x  - - - -  - x - -
 x - - -  o - - -  - - - -  o o x -
 x - o -  - o - -  x x x x  - o o -

 - - o -  - - o x  o x o -  - o o -
 - x o -  - o x -  - x x o  - - - -
 - - - -  - x o -  - - o -  x x - -
 - - - -  x - - o  - - - -  o x - o

 o - - x  x - - -  - o - x  - - - -
 - - - x  - o - -  - o - -  - - x o
 o - - x  o - - -  - - x o  - - - -
 - - - x  - - - o  - - - o  o - o o

 - - - x  - x o -  - - - -  o - - x
 o - - x  - - o -  - - - o  - o o x
 - - - x  - - x -  - x x x  - - - x
 o - - x  - - - -  - - o -  - - - x

==============Block State==============
- x x -
- x - -
x - - -
x - - x
=======================================


3 2
!!! time = 4.76179099083
('CONTINUE', '-')
==============Board State==============

 - o - -  - - - -  - - - -  - - - o
 x - - -  x x x x  - - - -  - x - -
 x - - -  o - - -  - - - -  o o x -
 x - o -  - o - -  x x x x  - o o -

 - - o -  - - o x  o x o -  - o o -
 - x o -  - o x -  - x x o  - - - -
 - - - -  - x o -  - - o -  x x - -
 - - - -  x - - o  - - - -  o x - o

 o - - x  x - - -  - o - x  - - - -
 - - - x  - o - -  - o - -  - - x o
 o - - x  o - - -  - - x o  - - - -
 - - - x  - - - o  - - - o  o - o o

 - - - x  - x o -  - - - -  o - - x
 o - - x  - - o -  - - - o  - o o x
 - - - x  - - x -  x x x x  - - - x
 o - - x  - - - -  - - o -  - - - x

==============Block State==============
- x x -
- x - -
x - - -
x - x x
=======================================


!!! time = 6.69956207275e-05
==============Board State==============

 - o - o  - - - -  - - - -  - - - o
 x - - -  x x x x  - - - -  - x - -
 x - - -  o - - -  - - - -  o o x -
 x - o -  - o - -  x x x x  - o o -

 - - o -  - - o x  o x o -  - o o -
 - x o -  - o x -  - x x o  - - - -
 - - - -  - x o -  - - o -  x x - -
 - - - -  x - - o  - - - -  o x - o

 o - - x  x - - -  - o - x  - - - -
 - - - x  - o - -  - o - -  - - x o
 o - - x  o - - -  - - x o  - - - -
 - - - x  - - - o  - - - o  o - o o

 - - - x  - x o -  - - - -  o - - x
 o - - x  - - o -  - - - o  - o o x
 - - - x  - - x -  x x x x  - - - x
 o - - x  - - - -  - - o -  - - - x

==============Block State==============
- x x -
- x - -
x - - -
x - x x
=======================================


0 3
!!! time = 1.84919095039
('CONTINUE', '-')
==============Board State==============

 - o - o  - - - -  - - - -  - - - o
 x - - -  x x x x  - - - -  - x x -
 x - - -  o - - -  - - - -  o o x -
 x - o -  - o - -  x x x x  - o o -

 - - o -  - - o x  o x o -  - o o -
 - x o -  - o x -  - x x o  - - - -
 - - - -  - x o -  - - o -  x x - -
 - - - -  x - - o  - - - -  o x - o

 o - - x  x - - -  - o - x  - - - -
 - - - x  - o - -  - o - -  - - x o
 o - - x  o - - -  - - x o  - - - -
 - - - x  - - - o  - - - o  o - o o

 - - - x  - x o -  - - - -  o - - x
 o - - x  - - o -  - - - o  - o o x
 - - - x  - - x -  x x x x  - - - x
 o - - x  - - - -  - - o -  - - - x

==============Block State==============
- x x -
- x - -
x - - -
x - x x
=======================================


!!! time = 1.21593475342e-05
==============Board State==============

 - o - o  - - - -  - - - -  - - - o
 x - - -  x x x x  - - - -  - x x -
 x - - -  o - - -  - - - -  o o x -
 x - o -  - o - -  x x x x  - o o -

 - - o -  - - o x  o x o o  - o o -
 - x o -  - o x -  - x x o  - - - -
 - - - -  - x o -  - - o -  x x - -
 - - - -  x - - o  - - - -  o x - o

 o - - x  x - - -  - o - x  - - - -
 - - - x  - o - -  - o - -  - - x o
 o - - x  o - - -  - - x o  - - - -
 - - - x  - - - o  - - - o  o - o o

 - - - x  - x o -  - - - -  o - - x
 o - - x  - - o -  - - - o  - o o x
 - - - x  - - x -  x x x x  - - - x
 o - - x  - - - -  - - o -  - - - x

==============Block State==============
- x x -
- x - -
x - - -
x - x x
=======================================


4 11
!!! time = 1.75347399712
('CONTINUE', '-')
==============Board State==============

 - o - o  - - - -  - - - -  - - - o
 x - - -  x x x x  - - - -  - x x x
 x - - -  o - - -  - - - -  o o x -
 x - o -  - o - -  x x x x  - o o -

 - - o -  - - o x  o x o o  - o o -
 - x o -  - o x -  - x x o  - - - -
 - - - -  - x o -  - - o -  x x - -
 - - - -  x - - o  - - - -  o x - o

 o - - x  x - - -  - o - x  - - - -
 - - - x  - o - -  - o - -  - - x o
 o - - x  o - - -  - - x o  - - - -
 - - - x  - - - o  - - - o  o - o o

 - - - x  - x o -  - - - -  o - - x
 o - - x  - - o -  - - - o  - o o x
 - - - x  - - x -  x x x x  - - - x
 o - - x  - - - -  - - o -  - - - x

==============Block State==============
- x x -
- x - -
x - - -
x - x x
=======================================


!!! time = 1.62124633789e-05
==============Board State==============

 - o - o  - - - -  - - - -  - - - o
 x - - -  x x x x  - - - -  - x x x
 x - - -  o - - -  - - - -  o o x -
 x - o -  - o - -  x x x x  - o o -

 - - o -  - - o x  o x o o  - o o -
 - x o -  - o x -  - x x o  - - - -
 - - - -  - x o -  - - o -  x x o -
 - - - -  x - - o  - - - -  o x - o

 o - - x  x - - -  - o - x  - - - -
 - - - x  - o - -  - o - -  - - x o
 o - - x  o - - -  - - x o  - - - -
 - - - x  - - - o  - - - o  o - o o

 - - - x  - x o -  - - - -  o - - x
 o - - x  - - o -  - - - o  - o o x
 - - - x  - - x -  x x x x  - - - x
 o - - x  - - - -  - - o -  - - - x

==============Block State==============
- x x -
- x - -
x - - -
x - x x
=======================================


6 14
!!! time = 0.812839984894
('CONTINUE', '-')
==============Board State==============

 - o - o  - - - -  - - - -  - - - o
 x - - -  x x x x  - - - -  - x x x
 x - - -  o - - -  - - - -  o o x -
 x - o -  - o - -  x x x x  - o o -

 - - o -  - - o x  o x o o  - o o -
 - x o -  - o x -  - x x o  - - - -
 - - - -  - x o -  - - o -  x x o -
 - - - -  x - - o  - - - -  o x - o

 o - - x  x - - -  - o - x  - - - -
 - - - x  - o - -  - o x -  - - x o
 o - - x  o - - -  - - x o  - - - -
 - - - x  - - - o  - - - o  o - o o

 - - - x  - x o -  - - - -  o - - x
 o - - x  - - o -  - - - o  - o o x
 - - - x  - - x -  x x x x  - - - x
 o - - x  - - - -  - - o -  - - - x

==============Block State==============
- x x -
- x - -
x - - -
x - x x
=======================================


!!! time = 1.19209289551e-05
==============Board State==============

 - o - o  - - - -  - - - -  - - - o
 x - - -  x x x x  - - - -  - x x x
 x - - -  o - - -  - - - -  o o x -
 x - o -  - o - -  x x x x  - o o -

 - - o -  - - o x  o x o o  - o o -
 - x o -  - o x -  - x x o  - - - -
 - - - -  - x o -  o - o -  x x o -
 - - - -  x - - o  - - - -  o x - o

 o - - x  x - - -  - o - x  - - - -
 - - - x  - o - -  - o x -  - - x o
 o - - x  o - - -  - - x o  - - - -
 - - - x  - - - o  - - - o  o - o o

 - - - x  - x o -  - - - -  o - - x
 o - - x  - - o -  - - - o  - o o x
 - - - x  - - x -  x x x x  - - - x
 o - - x  - - - -  - - o -  - - - x

==============Block State==============
- x x -
- x - -
x - - -
x - x x
=======================================


6 8
!!! time = 2.21503019333
('CONTINUE', '-')
==============Board State==============

 - o - o  - - - -  - - - -  - - - o
 x - - -  x x x x  - - - -  x x x x
 x - - -  o - - -  - - - -  o o x -
 x - o -  - o - -  x x x x  - o o -

 - - o -  - - o x  o x o o  - o o -
 - x o -  - o x -  - x x o  - - - -
 - - - -  - x o -  o - o -  x x o -
 - - - -  x - - o  - - - -  o x - o

 o - - x  x - - -  - o - x  - - - -
 - - - x  - o - -  - o x -  - - x o
 o - - x  o - - -  - - x o  - - - -
 - - - x  - - - o  - - - o  o - o o

 - - - x  - x o -  - - - -  o - - x
 o - - x  - - o -  - - - o  - o o x
 - - - x  - - x -  x x x x  - - - x
 o - - x  - - - -  - - o -  - - - x

==============Block State==============
- x x x
- x - -
x - - -
x - x x
=======================================


!!! time = 1.19209289551e-05
==============Board State==============

 - o - o  - - - -  - - - -  - - - o
 x - - -  x x x x  - - - -  x x x x
 x - - -  o - - -  - - - -  o o x -
 x - o -  - o - -  x x x x  - o o -

 - - o -  - - o x  o x o o  - o o -
 - x o -  - o x -  - x x o  - - - -
 - - o -  - x o -  o - o -  x x o -
 - - - -  x - - o  - - - -  o x - o

 o - - x  x - - -  - o - x  - - - -
 - - - x  - o - -  - o x -  - - x o
 o - - x  o - - -  - - x o  - - - -
 - - - x  - - - o  - - - o  o - o o

 - - - x  - x o -  - - - -  o - - x
 o - - x  - - o -  - - - o  - o o x
 - - - x  - - x -  x x x x  - - - x
 o - - x  - - - -  - - o -  - - - x

==============Block State==============
- x x x
- x - -
x - - -
x - x x
=======================================


6 2
!!! time = 1.15067696571
('CONTINUE', '-')
==============Board State==============

 - o - o  - - - -  - - - -  - - - o
 x - - -  x x x x  - - - -  x x x x
 x - - -  o - - -  - - - -  o o x -
 x - o -  - o - -  x x x x  - o o -

 - - o -  - - o x  o x o o  - o o -
 - x o -  - o x -  - x x o  - - - -
 - - o -  - x o -  o - o -  x x o -
 - - - -  x - - o  - - - -  o x - o

 o - - x  x - - -  - o - x  - - - -
 - - - x  - o - -  - o x -  - - x o
 o - - x  o - - -  - x x o  - - - -
 - - - x  - - - o  - - - o  o - o o

 - - - x  - x o -  - - - -  o - - x
 o - - x  - - o -  - - - o  - o o x
 - - - x  - - x -  x x x x  - - - x
 o - - x  - - - -  - - o -  - - - x

==============Block State==============
- x x x
- x - -
x - - -
x - x x
=======================================


!!! time = 1.31130218506e-05
==============Board State==============

 - o - o  - - - -  - - - -  - - - o
 x - - -  x x x x  - - - -  x x x x
 x - - -  o - - -  - - - -  o o x -
 x - o -  - o - -  x x x x  - o o -

 - - o -  - - o x  o x o o  - o o -
 - x o -  - o x -  - x x o  - - - -
 - - o -  - x o -  o - o -  x x o -
 - - - -  x - - o  - - - -  o x - o

 o - - x  x - - -  - o - x  - - - -
 - - - x  - o o -  - o x -  - - x o
 o - - x  o - - -  - x x o  - - - -
 - - - x  - - - o  - - - o  o - o o

 - - - x  - x o -  - - - -  o - - x
 o - - x  - - o -  - - - o  - o o x
 - - - x  - - x -  x x x x  - - - x
 o - - x  - - - -  - - o -  - - - x

==============Block State==============
- x x x
- x - -
x - - -
x - x x
=======================================


9 6
!!! time = 1.01152586937
('CONTINUE', '-')
==============Board State==============

 - o - o  - - - -  - - - -  - - - o
 x - - -  x x x x  - - - -  x x x x
 x - - -  o - - -  - - - -  o o x -
 x - o -  - o - -  x x x x  - o o -

 - - o -  - - o x  o x o o  - o o -
 - x o -  - o x -  - x x o  - - - -
 - - o -  - x o -  o - o -  x x o -
 - - - -  x - - o  - x - -  o x - o

 o - - x  x - - -  - o - x  - - - -
 - - - x  - o o -  - o x -  - - x o
 o - - x  o - - -  - x x o  - - - -
 - - - x  - - - o  - - - o  o - o o

 - - - x  - x o -  - - - -  o - - x
 o - - x  - - o -  - - - o  - o o x
 - - - x  - - x -  x x x x  - - - x
 o - - x  - - - -  - - o -  - - - x

==============Block State==============
- x x x
- x - -
x - - -
x - x x
=======================================


!!! time = 1.21593475342e-05
==============Board State==============

 - o - o  - - - -  - - - -  - - - o
 x - - -  x x x x  - - - -  x x x x
 x - - -  o - - -  - - - -  o o x -
 x - o -  - o - -  x x x x  - o o -

 - - o -  - - o x  o x o o  - o o -
 - x o -  - o x -  - x x o  - - - -
 - - o -  - x o -  o - o -  x x o -
 - - - -  x - - o  - x - -  o x - o

 o - - x  x - - -  - o - x  - - - -
 - - - x  - o o -  - o x -  - - x o
 o - - x  o - - -  - x x o  - - - -
 - - - x  - - - o  - - - o  o - o o

 - - - x  - x o -  - - - -  o - - x
 o - - x  - - o -  - - - o  - o o x
 - - - x  - - x o  x x x x  - - - x
 o - - x  - - - -  - - o -  - - - x

==============Block State==============
- x x x
- x - -
x - - -
x - x x
=======================================


14 7
!!! time = 1.47869682312
('CONTINUE', '-')
==============Board State==============

 - o - o  - - - -  - - - -  - - - o
 x - - -  x x x x  - - - -  x x x x
 x - - -  o - - -  - - - -  o o x -
 x - o -  - o - -  x x x x  - o o -

 - - o -  - - o x  o x o o  - o o -
 - x o -  - o x -  - x x o  - - - -
 - - o -  - x o -  o - o -  x x o -
 - - - -  x - - o  - x - -  o x - o

 o - - x  x - - -  - o - x  - - - -
 - - - x  - o o -  - o x -  - - x o
 o - - x  o - - -  - x x o  - - - -
 - - - x  - - - o  - - - o  o x o o

 - - - x  - x o -  - - - -  o - - x
 o - - x  - - o -  - - - o  - o o x
 - - - x  - - x o  x x x x  - - - x
 o - - x  - - - -  - - o -  - - - x

==============Block State==============
- x x x
- x - -
x - - -
x - x x
=======================================


!!! time = 1.50203704834e-05
==============Board State==============

 - o - o  - - - -  - - - -  - - - o
 x - - -  x x x x  - - - -  x x x x
 x - - -  o - - -  - - - -  o o x -
 x - o -  - o - -  x x x x  - o o -

 - - o -  - - o x  o x o o  - o o -
 - x o -  - o x -  - x x o  - - - -
 - - o -  - x o -  o - o -  x x o -
 - - - -  x - - o  - x - -  o x - o

 o - - x  x - - -  - o - x  - - - -
 - - - x  - o o -  - o x -  - - x o
 o - - x  o - - -  - x x o  - - - -
 - - - x  - - - o  - - - o  o x o o

 - - - x  - x o -  - - - -  o - - x
 o - - x  - - o -  - - - o  - o o x
 - - - x  - - x o  x x x x  - - - x
 o - - x  - - - o  - - o -  - - - x

==============Block State==============
- x x x
- x - -
x - - -
x - x x
=======================================


15 7
!!! time = 6.8133020401
('x', 'WON')
==============Board State==============

 x o - o  - - - -  - - - -  - - - o
 x - - -  x x x x  - - - -  x x x x
 x - - -  o - - -  - - - -  o o x -
 x - o -  - o - -  x x x x  - o o -

 - - o -  - - o x  o x o o  - o o -
 - x o -  - o x -  - x x o  - - - -
 - - o -  - x o -  o - o -  x x o -
 - - - -  x - - o  - x - -  o x - o

 o - - x  x - - -  - o - x  - - - -
 - - - x  - o o -  - o x -  - - x o
 o - - x  o - - -  - x x o  - - - -
 - - - x  - - - o  - - - o  o x o o

 - - - x  - x o -  - - - -  o - - x
 o - - x  - - o -  - - - o  - o o x
 - - - x  - - x o  x x x x  - - - x
 o - - x  - - - o  - - o -  - - - x

==============Block State==============
x x x x
- x - -
x - - -
x - x x
=======================================


Winner: P1
Message WON
x: 9  o: 0  d: 0
Player 1 points: 16
Player 2 points: 0
